2025-11-11 17:06:22 [127.0.0.1][-][-][error][yii\base\UnknownClassException] yii\base\UnknownClassException: Unable to find 'webapp\controllers\SiteController' in file: /Users/dghyse/Dev/fractal-cms/app/webapp/controllers/SiteController.php. Namespace missing? in /Users/dghyse/Dev/fractal-cms/vendor/yiisoft/yii2/BaseYii.php:299
Stack trace:
#0 [internal function]: yii\BaseYii::autoload('webapp\\controll...')
#1 /Users/dghyse/Dev/fractal-cms/vendor/yiisoft/yii2/base/Module.php(664): class_exists('webapp\\controll...')
#2 /Users/dghyse/Dev/fractal-cms/vendor/yiisoft/yii2/base/Module.php(623): yii\base\Module->createControllerByID('site')
#3 /Users/dghyse/Dev/fractal-cms/vendor/yiisoft/yii2/base/Module.php(549): yii\base\Module->createController('index')
#4 /Users/dghyse/Dev/fractal-cms/vendor/yiisoft/yii2/web/Application.php(103): yii\base\Module->runAction('site/index', Array)
#5 /Users/dghyse/Dev/fractal-cms/vendor/yiisoft/yii2/base/Application.php(387): yii\web\Application->handleRequest(Object(yii\web\Request))
#6 /Users/dghyse/Dev/fractal-cms/app/www/index.php(22): yii\base\Application->run()
#7 {main}
2025-11-11 17:06:22 [127.0.0.1][-][-][info][application] $_GET = []

$_POST = []

$_FILES = []

$_COOKIE = [
    '_ga' => 'GA1.2.1377436158.1746445133'
    '_ga_CR8V9YMTKW' => 'GS2.2.s1746445134$o1$g1$t1746445183$j0$l0$h0'
    'XDEBUG_SESSION' => 'PHPSTORM'
]

$_SERVER = [
    'USER' => 'dghyse'
    'HOME' => '/Users/dghyse'
    'HTTP_COOKIE' => '_ga=GA1.2.1377436158.1746445133; _ga_CR8V9YMTKW=GS2.2.s1746445134$o1$g1$t1746445183$j0$l0$h0; XDEBUG_SESSION=PHPSTORM'
    'HTTP_ACCEPT_LANGUAGE' => 'fr-FR,fr;q=0.9,en-US;q=0.8,en;q=0.7'
    'HTTP_ACCEPT_ENCODING' => 'gzip, deflate, br, zstd'
    'HTTP_SEC_FETCH_DEST' => 'document'
    'HTTP_SEC_FETCH_USER' => '?1'
    'HTTP_SEC_FETCH_MODE' => 'navigate'
    'HTTP_SEC_FETCH_SITE' => 'none'
    'HTTP_ACCEPT' => 'text/html,application/xhtml+xml,application/xml;q=0.9,image/avif,image/webp,image/apng,*/*;q=0.8,application/signed-exchange;v=b3;q=0.7'
    'HTTP_USER_AGENT' => 'Mozilla/5.0 (Macintosh; Intel Mac OS X 10_15_7) AppleWebKit/537.36 (KHTML, like Gecko) Chrome/142.0.0.0 Safari/537.36'
    'HTTP_UPGRADE_INSECURE_REQUESTS' => '1'
    'HTTP_SEC_CH_UA_PLATFORM' => '\"macOS\"'
    'HTTP_SEC_CH_UA_MOBILE' => '?0'
    'HTTP_SEC_CH_UA' => '\"Chromium\";v=\"142\", \"Google Chrome\";v=\"142\", \"Not_A Brand\";v=\"99\"'
    'HTTP_CACHE_CONTROL' => 'max-age=0'
    'HTTP_CONNECTION' => 'keep-alive'
    'HTTP_HOST' => 'bo-fractal-cms.equinox.redcat.intra'
    'REDIRECT_STATUS' => '200'
    'SERVER_NAME' => 'bo-fractal-cms.equinox.redcat.intra'
    'SERVER_PORT' => '443'
    'SERVER_ADDR' => '127.0.0.1'
    'REMOTE_PORT' => '50217'
    'REMOTE_ADDR' => '127.0.0.1'
    'SERVER_SOFTWARE' => 'nginx/1.29.3'
    'GATEWAY_INTERFACE' => 'CGI/1.1'
    'HTTPS' => 'on'
    'REQUEST_SCHEME' => 'https'
    'SERVER_PROTOCOL' => 'HTTP/1.1'
    'DOCUMENT_ROOT' => '/Users/dghyse/Dev/fractal-cms/app/www'
    'DOCUMENT_URI' => '/index.php'
    'REQUEST_URI' => '/'
    'SCRIPT_NAME' => '/index.php'
    'CONTENT_LENGTH' => ''
    'CONTENT_TYPE' => ''
    'REQUEST_METHOD' => 'GET'
    'QUERY_STRING' => ''
    'SCRIPT_FILENAME' => '/Users/dghyse/Dev/fractal-cms/app/www/index.php'
    'FCGI_ROLE' => 'RESPONDER'
    'PHP_SELF' => '/index.php'
    'REQUEST_TIME_FLOAT' => 1762877182.4016
    'REQUEST_TIME' => 1762877182
    'YII_ENV' => 'dev'
    'YII_DEBUG' => '1'
    'YII_MAINTENANCE' => '0'
    'YII_COOKIE_VALIDATION_KEY' => 'aHXTPhqJn2V1F8BZpioFReviAs66wr0ez'
    'APP_VERSION' => '1.0.0'
    'APP_ENV' => 'prd'
    'DB_PORT' => '3306'
    'DB_HOST' => 'localhost'
    'DB_DATABASE' => 'fractalcms'
    'DB_USER' => 'dghyse'
    'DB_PASSWORD' => '***'
    'DB_DRIVER' => 'mysql'
    'DB_SCHEMA_CACHE' => '1'
    'DB_SCHEMA_CACHE_DURATION' => '3600'
    'DB_SCHEMA' => ''
    'REDIS_ENABLED' => '0'
    'REDIS_HOST' => 'localhost'
    'REDIS_PORT' => '6379'
    'REDIS_PASSWORD' => '***'
    'REDIS_DATABASE' => '2'
    'CACHE_PAGE_ENABLED' => '0'
    'CACHE_PAGE_DURATION' => '3600'
    'CACHE_WIDGET_ENABLED' => '1'
    'CACHE_WIDGET_DURATION' => '3600'
]
2025-11-11 17:06:22 [127.0.0.1][-][-][profile begin][yii\db\Connection::open] Opening DB connection: mysql:host=localhost;port=3306;dbname=fractalcms
    in /Users/dghyse/Dev/fractal-cms/src/components/UrlRule.php:68
2025-11-11 17:06:22 [127.0.0.1][-][-][profile end][yii\db\Connection::open] Opening DB connection: mysql:host=localhost;port=3306;dbname=fractalcms
    in /Users/dghyse/Dev/fractal-cms/src/components/UrlRule.php:68
2025-11-11 17:06:22 [127.0.0.1][-][-][profile begin][yii\db\Command::query] SELECT * FROM `slugs` WHERE (`path`='favicon.ico') AND (`active`=1)
    in /Users/dghyse/Dev/fractal-cms/src/components/UrlRule.php:68
2025-11-11 17:06:22 [127.0.0.1][-][-][profile end][yii\db\Command::query] SELECT * FROM `slugs` WHERE (`path`='favicon.ico') AND (`active`=1)
    in /Users/dghyse/Dev/fractal-cms/src/components/UrlRule.php:68
2025-11-11 17:06:22 [127.0.0.1][-][-][error][yii\web\HttpException:404] yii\base\InvalidRouteException: Unable to resolve the request "favicon.ico". in /Users/dghyse/Dev/fractal-cms/vendor/yiisoft/yii2/base/Module.php:564
Stack trace:
#0 /Users/dghyse/Dev/fractal-cms/vendor/yiisoft/yii2/web/Application.php(103): yii\base\Module->runAction('favicon.ico', Array)
#1 /Users/dghyse/Dev/fractal-cms/vendor/yiisoft/yii2/base/Application.php(387): yii\web\Application->handleRequest(Object(yii\web\Request))
#2 /Users/dghyse/Dev/fractal-cms/app/www/index.php(22): yii\base\Application->run()
#3 {main}

Next yii\web\NotFoundHttpException: Page non trouvée. in /Users/dghyse/Dev/fractal-cms/vendor/yiisoft/yii2/web/Application.php:115
Stack trace:
#0 /Users/dghyse/Dev/fractal-cms/vendor/yiisoft/yii2/base/Application.php(387): yii\web\Application->handleRequest(Object(yii\web\Request))
#1 /Users/dghyse/Dev/fractal-cms/app/www/index.php(22): yii\base\Application->run()
#2 {main}
2025-11-11 17:06:22 [127.0.0.1][-][-][info][application] $_GET = []

$_POST = []

$_FILES = []

$_COOKIE = [
    '_ga' => 'GA1.2.1377436158.1746445133'
    '_ga_CR8V9YMTKW' => 'GS2.2.s1746445134$o1$g1$t1746445183$j0$l0$h0'
    'XDEBUG_SESSION' => 'PHPSTORM'
]

$_SERVER = [
    'USER' => 'dghyse'
    'HOME' => '/Users/dghyse'
    'HTTP_COOKIE' => '_ga=GA1.2.1377436158.1746445133; _ga_CR8V9YMTKW=GS2.2.s1746445134$o1$g1$t1746445183$j0$l0$h0; XDEBUG_SESSION=PHPSTORM'
    'HTTP_ACCEPT_LANGUAGE' => 'fr-FR,fr;q=0.9,en-US;q=0.8,en;q=0.7'
    'HTTP_ACCEPT_ENCODING' => 'gzip, deflate, br, zstd'
    'HTTP_REFERER' => 'https://bo-fractal-cms.equinox.redcat.intra/'
    'HTTP_SEC_FETCH_DEST' => 'image'
    'HTTP_SEC_FETCH_MODE' => 'no-cors'
    'HTTP_SEC_FETCH_SITE' => 'same-origin'
    'HTTP_ACCEPT' => 'image/avif,image/webp,image/apng,image/svg+xml,image/*,*/*;q=0.8'
    'HTTP_SEC_CH_UA_MOBILE' => '?0'
    'HTTP_SEC_CH_UA' => '\"Chromium\";v=\"142\", \"Google Chrome\";v=\"142\", \"Not_A Brand\";v=\"99\"'
    'HTTP_USER_AGENT' => 'Mozilla/5.0 (Macintosh; Intel Mac OS X 10_15_7) AppleWebKit/537.36 (KHTML, like Gecko) Chrome/142.0.0.0 Safari/537.36'
    'HTTP_SEC_CH_UA_PLATFORM' => '\"macOS\"'
    'HTTP_CONNECTION' => 'keep-alive'
    'HTTP_HOST' => 'bo-fractal-cms.equinox.redcat.intra'
    'REDIRECT_STATUS' => '200'
    'SERVER_NAME' => 'bo-fractal-cms.equinox.redcat.intra'
    'SERVER_PORT' => '443'
    'SERVER_ADDR' => '127.0.0.1'
    'REMOTE_PORT' => '50217'
    'REMOTE_ADDR' => '127.0.0.1'
    'SERVER_SOFTWARE' => 'nginx/1.29.3'
    'GATEWAY_INTERFACE' => 'CGI/1.1'
    'HTTPS' => 'on'
    'REQUEST_SCHEME' => 'https'
    'SERVER_PROTOCOL' => 'HTTP/1.1'
    'DOCUMENT_ROOT' => '/Users/dghyse/Dev/fractal-cms/app/www'
    'DOCUMENT_URI' => '/index.php'
    'REQUEST_URI' => '/favicon.ico'
    'SCRIPT_NAME' => '/index.php'
    'CONTENT_LENGTH' => ''
    'CONTENT_TYPE' => ''
    'REQUEST_METHOD' => 'GET'
    'QUERY_STRING' => ''
    'SCRIPT_FILENAME' => '/Users/dghyse/Dev/fractal-cms/app/www/index.php'
    'FCGI_ROLE' => 'RESPONDER'
    'PHP_SELF' => '/index.php'
    'REQUEST_TIME_FLOAT' => 1762877182.509
    'REQUEST_TIME' => 1762877182
    'YII_ENV' => 'dev'
    'YII_DEBUG' => '1'
    'YII_MAINTENANCE' => '0'
    'YII_COOKIE_VALIDATION_KEY' => 'aHXTPhqJn2V1F8BZpioFReviAs66wr0ez'
    'APP_VERSION' => '1.0.0'
    'APP_ENV' => 'prd'
    'DB_PORT' => '3306'
    'DB_HOST' => 'localhost'
    'DB_DATABASE' => 'fractalcms'
    'DB_USER' => 'dghyse'
    'DB_PASSWORD' => '***'
    'DB_DRIVER' => 'mysql'
    'DB_SCHEMA_CACHE' => '1'
    'DB_SCHEMA_CACHE_DURATION' => '3600'
    'DB_SCHEMA' => ''
    'REDIS_ENABLED' => '0'
    'REDIS_HOST' => 'localhost'
    'REDIS_PORT' => '6379'
    'REDIS_PASSWORD' => '***'
    'REDIS_DATABASE' => '2'
    'CACHE_PAGE_ENABLED' => '0'
    'CACHE_PAGE_DURATION' => '3600'
    'CACHE_WIDGET_ENABLED' => '1'
    'CACHE_WIDGET_DURATION' => '3600'
]
2025-11-11 17:18:51 [127.0.0.1][-][-][error][yii\base\UnknownClassException] yii\base\UnknownClassException: Unable to find 'webapp\controllers\SiteController' in file: /Users/dghyse/Dev/fractal-cms/app/webapp/controllers/SiteController.php. Namespace missing? in /Users/dghyse/Dev/fractal-cms/vendor/yiisoft/yii2/BaseYii.php:299
Stack trace:
#0 [internal function]: yii\BaseYii::autoload('webapp\\controll...')
#1 /Users/dghyse/Dev/fractal-cms/vendor/yiisoft/yii2/base/Module.php(664): class_exists('webapp\\controll...')
#2 /Users/dghyse/Dev/fractal-cms/vendor/yiisoft/yii2/base/Module.php(623): yii\base\Module->createControllerByID('site')
#3 /Users/dghyse/Dev/fractal-cms/vendor/yiisoft/yii2/base/Module.php(549): yii\base\Module->createController('index')
#4 /Users/dghyse/Dev/fractal-cms/vendor/yiisoft/yii2/web/Application.php(103): yii\base\Module->runAction('site/index', Array)
#5 /Users/dghyse/Dev/fractal-cms/vendor/yiisoft/yii2/base/Application.php(387): yii\web\Application->handleRequest(Object(yii\web\Request))
#6 /Users/dghyse/Dev/fractal-cms/app/www/index.php(22): yii\base\Application->run()
#7 {main}
2025-11-11 17:18:51 [127.0.0.1][-][-][info][application] $_GET = []

$_POST = []

$_FILES = []

$_COOKIE = [
    '_ga' => 'GA1.2.1377436158.1746445133'
    '_ga_CR8V9YMTKW' => 'GS2.2.s1746445134$o1$g1$t1746445183$j0$l0$h0'
    'XDEBUG_SESSION' => 'PHPSTORM'
]

$_SERVER = [
    'USER' => 'dghyse'
    'HOME' => '/Users/dghyse'
    'HTTP_COOKIE' => '_ga=GA1.2.1377436158.1746445133; _ga_CR8V9YMTKW=GS2.2.s1746445134$o1$g1$t1746445183$j0$l0$h0; XDEBUG_SESSION=PHPSTORM'
    'HTTP_ACCEPT_LANGUAGE' => 'fr-FR,fr;q=0.9,en-US;q=0.8,en;q=0.7'
    'HTTP_ACCEPT_ENCODING' => 'gzip, deflate, br, zstd'
    'HTTP_SEC_FETCH_DEST' => 'document'
    'HTTP_SEC_FETCH_USER' => '?1'
    'HTTP_SEC_FETCH_MODE' => 'navigate'
    'HTTP_SEC_FETCH_SITE' => 'none'
    'HTTP_ACCEPT' => 'text/html,application/xhtml+xml,application/xml;q=0.9,image/avif,image/webp,image/apng,*/*;q=0.8,application/signed-exchange;v=b3;q=0.7'
    'HTTP_USER_AGENT' => 'Mozilla/5.0 (Macintosh; Intel Mac OS X 10_15_7) AppleWebKit/537.36 (KHTML, like Gecko) Chrome/142.0.0.0 Safari/537.36'
    'HTTP_UPGRADE_INSECURE_REQUESTS' => '1'
    'HTTP_SEC_CH_UA_PLATFORM' => '\"macOS\"'
    'HTTP_SEC_CH_UA_MOBILE' => '?0'
    'HTTP_SEC_CH_UA' => '\"Chromium\";v=\"142\", \"Google Chrome\";v=\"142\", \"Not_A Brand\";v=\"99\"'
    'HTTP_CACHE_CONTROL' => 'max-age=0'
    'HTTP_CONNECTION' => 'keep-alive'
    'HTTP_HOST' => 'bo-fractal-cms.equinox.redcat.intra'
    'REDIRECT_STATUS' => '200'
    'SERVER_NAME' => 'bo-fractal-cms.equinox.redcat.intra'
    'SERVER_PORT' => '443'
    'SERVER_ADDR' => '127.0.0.1'
    'REMOTE_PORT' => '50325'
    'REMOTE_ADDR' => '127.0.0.1'
    'SERVER_SOFTWARE' => 'nginx/1.29.3'
    'GATEWAY_INTERFACE' => 'CGI/1.1'
    'HTTPS' => 'on'
    'REQUEST_SCHEME' => 'https'
    'SERVER_PROTOCOL' => 'HTTP/1.1'
    'DOCUMENT_ROOT' => '/Users/dghyse/Dev/fractal-cms/app/www'
    'DOCUMENT_URI' => '/index.php'
    'REQUEST_URI' => '/'
    'SCRIPT_NAME' => '/index.php'
    'CONTENT_LENGTH' => ''
    'CONTENT_TYPE' => ''
    'REQUEST_METHOD' => 'GET'
    'QUERY_STRING' => ''
    'SCRIPT_FILENAME' => '/Users/dghyse/Dev/fractal-cms/app/www/index.php'
    'FCGI_ROLE' => 'RESPONDER'
    'PHP_SELF' => '/index.php'
    'REQUEST_TIME_FLOAT' => 1762877931.7204
    'REQUEST_TIME' => 1762877931
    'YII_ENV' => 'dev'
    'YII_DEBUG' => '1'
    'YII_MAINTENANCE' => '0'
    'YII_COOKIE_VALIDATION_KEY' => 'aHXTPhqJn2V1F8BZpioFReviAs66wr0ez'
    'APP_VERSION' => '1.0.0'
    'APP_ENV' => 'prd'
    'DB_PORT' => '3306'
    'DB_HOST' => 'localhost'
    'DB_DATABASE' => 'fractalcms'
    'DB_USER' => 'dghyse'
    'DB_PASSWORD' => '***'
    'DB_DRIVER' => 'mysql'
    'DB_SCHEMA_CACHE' => '1'
    'DB_SCHEMA_CACHE_DURATION' => '3600'
    'DB_SCHEMA' => ''
    'REDIS_ENABLED' => '0'
    'REDIS_HOST' => 'localhost'
    'REDIS_PORT' => '6379'
    'REDIS_PASSWORD' => '***'
    'REDIS_DATABASE' => '2'
    'CACHE_PAGE_ENABLED' => '0'
    'CACHE_PAGE_DURATION' => '3600'
    'CACHE_WIDGET_ENABLED' => '1'
    'CACHE_WIDGET_DURATION' => '3600'
]
2025-11-11 17:18:52 [127.0.0.1][-][-][error][yii\base\UnknownClassException] yii\base\UnknownClassException: Unable to find 'webapp\controllers\SiteController' in file: /Users/dghyse/Dev/fractal-cms/app/webapp/controllers/SiteController.php. Namespace missing? in /Users/dghyse/Dev/fractal-cms/vendor/yiisoft/yii2/BaseYii.php:299
Stack trace:
#0 [internal function]: yii\BaseYii::autoload('webapp\\controll...')
#1 /Users/dghyse/Dev/fractal-cms/vendor/yiisoft/yii2/base/Module.php(664): class_exists('webapp\\controll...')
#2 /Users/dghyse/Dev/fractal-cms/vendor/yiisoft/yii2/base/Module.php(623): yii\base\Module->createControllerByID('site')
#3 /Users/dghyse/Dev/fractal-cms/vendor/yiisoft/yii2/base/Module.php(549): yii\base\Module->createController('index')
#4 /Users/dghyse/Dev/fractal-cms/vendor/yiisoft/yii2/web/Application.php(103): yii\base\Module->runAction('site/index', Array)
#5 /Users/dghyse/Dev/fractal-cms/vendor/yiisoft/yii2/base/Application.php(387): yii\web\Application->handleRequest(Object(yii\web\Request))
#6 /Users/dghyse/Dev/fractal-cms/app/www/index.php(22): yii\base\Application->run()
#7 {main}
2025-11-11 17:18:52 [127.0.0.1][-][-][info][application] $_GET = []

$_POST = []

$_FILES = []

$_COOKIE = [
    '_ga' => 'GA1.2.1377436158.1746445133'
    '_ga_CR8V9YMTKW' => 'GS2.2.s1746445134$o1$g1$t1746445183$j0$l0$h0'
    'XDEBUG_SESSION' => 'PHPSTORM'
]

$_SERVER = [
    'USER' => 'dghyse'
    'HOME' => '/Users/dghyse'
    'HTTP_COOKIE' => '_ga=GA1.2.1377436158.1746445133; _ga_CR8V9YMTKW=GS2.2.s1746445134$o1$g1$t1746445183$j0$l0$h0; XDEBUG_SESSION=PHPSTORM'
    'HTTP_ACCEPT_LANGUAGE' => 'fr-FR,fr;q=0.9,en-US;q=0.8,en;q=0.7'
    'HTTP_ACCEPT_ENCODING' => 'gzip, deflate, br, zstd'
    'HTTP_SEC_FETCH_DEST' => 'document'
    'HTTP_SEC_FETCH_USER' => '?1'
    'HTTP_SEC_FETCH_MODE' => 'navigate'
    'HTTP_SEC_FETCH_SITE' => 'none'
    'HTTP_ACCEPT' => 'text/html,application/xhtml+xml,application/xml;q=0.9,image/avif,image/webp,image/apng,*/*;q=0.8,application/signed-exchange;v=b3;q=0.7'
    'HTTP_USER_AGENT' => 'Mozilla/5.0 (Macintosh; Intel Mac OS X 10_15_7) AppleWebKit/537.36 (KHTML, like Gecko) Chrome/142.0.0.0 Safari/537.36'
    'HTTP_UPGRADE_INSECURE_REQUESTS' => '1'
    'HTTP_SEC_CH_UA_PLATFORM' => '\"macOS\"'
    'HTTP_SEC_CH_UA_MOBILE' => '?0'
    'HTTP_SEC_CH_UA' => '\"Chromium\";v=\"142\", \"Google Chrome\";v=\"142\", \"Not_A Brand\";v=\"99\"'
    'HTTP_CACHE_CONTROL' => 'max-age=0'
    'HTTP_CONNECTION' => 'keep-alive'
    'HTTP_HOST' => 'bo-fractal-cms.equinox.redcat.intra'
    'REDIRECT_STATUS' => '200'
    'SERVER_NAME' => 'bo-fractal-cms.equinox.redcat.intra'
    'SERVER_PORT' => '443'
    'SERVER_ADDR' => '127.0.0.1'
    'REMOTE_PORT' => '50325'
    'REMOTE_ADDR' => '127.0.0.1'
    'SERVER_SOFTWARE' => 'nginx/1.29.3'
    'GATEWAY_INTERFACE' => 'CGI/1.1'
    'HTTPS' => 'on'
    'REQUEST_SCHEME' => 'https'
    'SERVER_PROTOCOL' => 'HTTP/1.1'
    'DOCUMENT_ROOT' => '/Users/dghyse/Dev/fractal-cms/app/www'
    'DOCUMENT_URI' => '/index.php'
    'REQUEST_URI' => '/'
    'SCRIPT_NAME' => '/index.php'
    'CONTENT_LENGTH' => ''
    'CONTENT_TYPE' => ''
    'REQUEST_METHOD' => 'GET'
    'QUERY_STRING' => ''
    'SCRIPT_FILENAME' => '/Users/dghyse/Dev/fractal-cms/app/www/index.php'
    'FCGI_ROLE' => 'RESPONDER'
    'PHP_SELF' => '/index.php'
    'REQUEST_TIME_FLOAT' => 1762877932.9414
    'REQUEST_TIME' => 1762877932
    'YII_ENV' => 'dev'
    'YII_DEBUG' => '1'
    'YII_MAINTENANCE' => '0'
    'YII_COOKIE_VALIDATION_KEY' => 'aHXTPhqJn2V1F8BZpioFReviAs66wr0ez'
    'APP_VERSION' => '1.0.0'
    'APP_ENV' => 'prd'
    'DB_PORT' => '3306'
    'DB_HOST' => 'localhost'
    'DB_DATABASE' => 'fractalcms'
    'DB_USER' => 'dghyse'
    'DB_PASSWORD' => '***'
    'DB_DRIVER' => 'mysql'
    'DB_SCHEMA_CACHE' => '1'
    'DB_SCHEMA_CACHE_DURATION' => '3600'
    'DB_SCHEMA' => ''
    'REDIS_ENABLED' => '0'
    'REDIS_HOST' => 'localhost'
    'REDIS_PORT' => '6379'
    'REDIS_PASSWORD' => '***'
    'REDIS_DATABASE' => '2'
    'CACHE_PAGE_ENABLED' => '0'
    'CACHE_PAGE_DURATION' => '3600'
    'CACHE_WIDGET_ENABLED' => '1'
    'CACHE_WIDGET_DURATION' => '3600'
]
2025-11-11 17:18:53 [127.0.0.1][-][-][error][yii\base\UnknownClassException] yii\base\UnknownClassException: Unable to find 'webapp\controllers\SiteController' in file: /Users/dghyse/Dev/fractal-cms/app/webapp/controllers/SiteController.php. Namespace missing? in /Users/dghyse/Dev/fractal-cms/vendor/yiisoft/yii2/BaseYii.php:299
Stack trace:
#0 [internal function]: yii\BaseYii::autoload('webapp\\controll...')
#1 /Users/dghyse/Dev/fractal-cms/vendor/yiisoft/yii2/base/Module.php(664): class_exists('webapp\\controll...')
#2 /Users/dghyse/Dev/fractal-cms/vendor/yiisoft/yii2/base/Module.php(623): yii\base\Module->createControllerByID('site')
#3 /Users/dghyse/Dev/fractal-cms/vendor/yiisoft/yii2/base/Module.php(549): yii\base\Module->createController('index')
#4 /Users/dghyse/Dev/fractal-cms/vendor/yiisoft/yii2/web/Application.php(103): yii\base\Module->runAction('site/index', Array)
#5 /Users/dghyse/Dev/fractal-cms/vendor/yiisoft/yii2/base/Application.php(387): yii\web\Application->handleRequest(Object(yii\web\Request))
#6 /Users/dghyse/Dev/fractal-cms/app/www/index.php(22): yii\base\Application->run()
#7 {main}
2025-11-11 17:18:53 [127.0.0.1][-][-][info][application] $_GET = []

$_POST = []

$_FILES = []

$_COOKIE = [
    '_ga' => 'GA1.2.1377436158.1746445133'
    '_ga_CR8V9YMTKW' => 'GS2.2.s1746445134$o1$g1$t1746445183$j0$l0$h0'
    'XDEBUG_SESSION' => 'PHPSTORM'
]

$_SERVER = [
    'USER' => 'dghyse'
    'HOME' => '/Users/dghyse'
    'HTTP_COOKIE' => '_ga=GA1.2.1377436158.1746445133; _ga_CR8V9YMTKW=GS2.2.s1746445134$o1$g1$t1746445183$j0$l0$h0; XDEBUG_SESSION=PHPSTORM'
    'HTTP_ACCEPT_LANGUAGE' => 'fr-FR,fr;q=0.9,en-US;q=0.8,en;q=0.7'
    'HTTP_ACCEPT_ENCODING' => 'gzip, deflate, br, zstd'
    'HTTP_SEC_FETCH_DEST' => 'document'
    'HTTP_SEC_FETCH_USER' => '?1'
    'HTTP_SEC_FETCH_MODE' => 'navigate'
    'HTTP_SEC_FETCH_SITE' => 'none'
    'HTTP_ACCEPT' => 'text/html,application/xhtml+xml,application/xml;q=0.9,image/avif,image/webp,image/apng,*/*;q=0.8,application/signed-exchange;v=b3;q=0.7'
    'HTTP_USER_AGENT' => 'Mozilla/5.0 (Macintosh; Intel Mac OS X 10_15_7) AppleWebKit/537.36 (KHTML, like Gecko) Chrome/142.0.0.0 Safari/537.36'
    'HTTP_UPGRADE_INSECURE_REQUESTS' => '1'
    'HTTP_SEC_CH_UA_PLATFORM' => '\"macOS\"'
    'HTTP_SEC_CH_UA_MOBILE' => '?0'
    'HTTP_SEC_CH_UA' => '\"Chromium\";v=\"142\", \"Google Chrome\";v=\"142\", \"Not_A Brand\";v=\"99\"'
    'HTTP_CACHE_CONTROL' => 'max-age=0'
    'HTTP_CONNECTION' => 'keep-alive'
    'HTTP_HOST' => 'bo-fractal-cms.equinox.redcat.intra'
    'REDIRECT_STATUS' => '200'
    'SERVER_NAME' => 'bo-fractal-cms.equinox.redcat.intra'
    'SERVER_PORT' => '443'
    'SERVER_ADDR' => '127.0.0.1'
    'REMOTE_PORT' => '50325'
    'REMOTE_ADDR' => '127.0.0.1'
    'SERVER_SOFTWARE' => 'nginx/1.29.3'
    'GATEWAY_INTERFACE' => 'CGI/1.1'
    'HTTPS' => 'on'
    'REQUEST_SCHEME' => 'https'
    'SERVER_PROTOCOL' => 'HTTP/1.1'
    'DOCUMENT_ROOT' => '/Users/dghyse/Dev/fractal-cms/app/www'
    'DOCUMENT_URI' => '/index.php'
    'REQUEST_URI' => '/'
    'SCRIPT_NAME' => '/index.php'
    'CONTENT_LENGTH' => ''
    'CONTENT_TYPE' => ''
    'REQUEST_METHOD' => 'GET'
    'QUERY_STRING' => ''
    'SCRIPT_FILENAME' => '/Users/dghyse/Dev/fractal-cms/app/www/index.php'
    'FCGI_ROLE' => 'RESPONDER'
    'PHP_SELF' => '/index.php'
    'REQUEST_TIME_FLOAT' => 1762877933.4957
    'REQUEST_TIME' => 1762877933
    'YII_ENV' => 'dev'
    'YII_DEBUG' => '1'
    'YII_MAINTENANCE' => '0'
    'YII_COOKIE_VALIDATION_KEY' => 'aHXTPhqJn2V1F8BZpioFReviAs66wr0ez'
    'APP_VERSION' => '1.0.0'
    'APP_ENV' => 'prd'
    'DB_PORT' => '3306'
    'DB_HOST' => 'localhost'
    'DB_DATABASE' => 'fractalcms'
    'DB_USER' => 'dghyse'
    'DB_PASSWORD' => '***'
    'DB_DRIVER' => 'mysql'
    'DB_SCHEMA_CACHE' => '1'
    'DB_SCHEMA_CACHE_DURATION' => '3600'
    'DB_SCHEMA' => ''
    'REDIS_ENABLED' => '0'
    'REDIS_HOST' => 'localhost'
    'REDIS_PORT' => '6379'
    'REDIS_PASSWORD' => '***'
    'REDIS_DATABASE' => '2'
    'CACHE_PAGE_ENABLED' => '0'
    'CACHE_PAGE_DURATION' => '3600'
    'CACHE_WIDGET_ENABLED' => '1'
    'CACHE_WIDGET_DURATION' => '3600'
]
2025-11-11 17:18:53 [127.0.0.1][-][-][error][yii\base\UnknownClassException] yii\base\UnknownClassException: Unable to find 'webapp\controllers\SiteController' in file: /Users/dghyse/Dev/fractal-cms/app/webapp/controllers/SiteController.php. Namespace missing? in /Users/dghyse/Dev/fractal-cms/vendor/yiisoft/yii2/BaseYii.php:299
Stack trace:
#0 [internal function]: yii\BaseYii::autoload('webapp\\controll...')
#1 /Users/dghyse/Dev/fractal-cms/vendor/yiisoft/yii2/base/Module.php(664): class_exists('webapp\\controll...')
#2 /Users/dghyse/Dev/fractal-cms/vendor/yiisoft/yii2/base/Module.php(623): yii\base\Module->createControllerByID('site')
#3 /Users/dghyse/Dev/fractal-cms/vendor/yiisoft/yii2/base/Module.php(549): yii\base\Module->createController('index')
#4 /Users/dghyse/Dev/fractal-cms/vendor/yiisoft/yii2/web/Application.php(103): yii\base\Module->runAction('site/index', Array)
#5 /Users/dghyse/Dev/fractal-cms/vendor/yiisoft/yii2/base/Application.php(387): yii\web\Application->handleRequest(Object(yii\web\Request))
#6 /Users/dghyse/Dev/fractal-cms/app/www/index.php(22): yii\base\Application->run()
#7 {main}
2025-11-11 17:18:53 [127.0.0.1][-][-][info][application] $_GET = []

$_POST = []

$_FILES = []

$_COOKIE = [
    '_ga' => 'GA1.2.1377436158.1746445133'
    '_ga_CR8V9YMTKW' => 'GS2.2.s1746445134$o1$g1$t1746445183$j0$l0$h0'
    'XDEBUG_SESSION' => 'PHPSTORM'
]

$_SERVER = [
    'USER' => 'dghyse'
    'HOME' => '/Users/dghyse'
    'HTTP_COOKIE' => '_ga=GA1.2.1377436158.1746445133; _ga_CR8V9YMTKW=GS2.2.s1746445134$o1$g1$t1746445183$j0$l0$h0; XDEBUG_SESSION=PHPSTORM'
    'HTTP_ACCEPT_LANGUAGE' => 'fr-FR,fr;q=0.9,en-US;q=0.8,en;q=0.7'
    'HTTP_ACCEPT_ENCODING' => 'gzip, deflate, br, zstd'
    'HTTP_SEC_FETCH_DEST' => 'document'
    'HTTP_SEC_FETCH_USER' => '?1'
    'HTTP_SEC_FETCH_MODE' => 'navigate'
    'HTTP_SEC_FETCH_SITE' => 'none'
    'HTTP_ACCEPT' => 'text/html,application/xhtml+xml,application/xml;q=0.9,image/avif,image/webp,image/apng,*/*;q=0.8,application/signed-exchange;v=b3;q=0.7'
    'HTTP_USER_AGENT' => 'Mozilla/5.0 (Macintosh; Intel Mac OS X 10_15_7) AppleWebKit/537.36 (KHTML, like Gecko) Chrome/142.0.0.0 Safari/537.36'
    'HTTP_UPGRADE_INSECURE_REQUESTS' => '1'
    'HTTP_SEC_CH_UA_PLATFORM' => '\"macOS\"'
    'HTTP_SEC_CH_UA_MOBILE' => '?0'
    'HTTP_SEC_CH_UA' => '\"Chromium\";v=\"142\", \"Google Chrome\";v=\"142\", \"Not_A Brand\";v=\"99\"'
    'HTTP_CACHE_CONTROL' => 'max-age=0'
    'HTTP_CONNECTION' => 'keep-alive'
    'HTTP_HOST' => 'bo-fractal-cms.equinox.redcat.intra'
    'REDIRECT_STATUS' => '200'
    'SERVER_NAME' => 'bo-fractal-cms.equinox.redcat.intra'
    'SERVER_PORT' => '443'
    'SERVER_ADDR' => '127.0.0.1'
    'REMOTE_PORT' => '50325'
    'REMOTE_ADDR' => '127.0.0.1'
    'SERVER_SOFTWARE' => 'nginx/1.29.3'
    'GATEWAY_INTERFACE' => 'CGI/1.1'
    'HTTPS' => 'on'
    'REQUEST_SCHEME' => 'https'
    'SERVER_PROTOCOL' => 'HTTP/1.1'
    'DOCUMENT_ROOT' => '/Users/dghyse/Dev/fractal-cms/app/www'
    'DOCUMENT_URI' => '/index.php'
    'REQUEST_URI' => '/'
    'SCRIPT_NAME' => '/index.php'
    'CONTENT_LENGTH' => ''
    'CONTENT_TYPE' => ''
    'REQUEST_METHOD' => 'GET'
    'QUERY_STRING' => ''
    'SCRIPT_FILENAME' => '/Users/dghyse/Dev/fractal-cms/app/www/index.php'
    'FCGI_ROLE' => 'RESPONDER'
    'PHP_SELF' => '/index.php'
    'REQUEST_TIME_FLOAT' => 1762877933.7281
    'REQUEST_TIME' => 1762877933
    'YII_ENV' => 'dev'
    'YII_DEBUG' => '1'
    'YII_MAINTENANCE' => '0'
    'YII_COOKIE_VALIDATION_KEY' => 'aHXTPhqJn2V1F8BZpioFReviAs66wr0ez'
    'APP_VERSION' => '1.0.0'
    'APP_ENV' => 'prd'
    'DB_PORT' => '3306'
    'DB_HOST' => 'localhost'
    'DB_DATABASE' => 'fractalcms'
    'DB_USER' => 'dghyse'
    'DB_PASSWORD' => '***'
    'DB_DRIVER' => 'mysql'
    'DB_SCHEMA_CACHE' => '1'
    'DB_SCHEMA_CACHE_DURATION' => '3600'
    'DB_SCHEMA' => ''
    'REDIS_ENABLED' => '0'
    'REDIS_HOST' => 'localhost'
    'REDIS_PORT' => '6379'
    'REDIS_PASSWORD' => '***'
    'REDIS_DATABASE' => '2'
    'CACHE_PAGE_ENABLED' => '0'
    'CACHE_PAGE_DURATION' => '3600'
    'CACHE_WIDGET_ENABLED' => '1'
    'CACHE_WIDGET_DURATION' => '3600'
]
2025-11-11 17:18:54 [127.0.0.1][-][-][error][yii\base\UnknownClassException] yii\base\UnknownClassException: Unable to find 'webapp\controllers\SiteController' in file: /Users/dghyse/Dev/fractal-cms/app/webapp/controllers/SiteController.php. Namespace missing? in /Users/dghyse/Dev/fractal-cms/vendor/yiisoft/yii2/BaseYii.php:299
Stack trace:
#0 [internal function]: yii\BaseYii::autoload('webapp\\controll...')
#1 /Users/dghyse/Dev/fractal-cms/vendor/yiisoft/yii2/base/Module.php(664): class_exists('webapp\\controll...')
#2 /Users/dghyse/Dev/fractal-cms/vendor/yiisoft/yii2/base/Module.php(623): yii\base\Module->createControllerByID('site')
#3 /Users/dghyse/Dev/fractal-cms/vendor/yiisoft/yii2/base/Module.php(549): yii\base\Module->createController('index')
#4 /Users/dghyse/Dev/fractal-cms/vendor/yiisoft/yii2/web/Application.php(103): yii\base\Module->runAction('site/index', Array)
#5 /Users/dghyse/Dev/fractal-cms/vendor/yiisoft/yii2/base/Application.php(387): yii\web\Application->handleRequest(Object(yii\web\Request))
#6 /Users/dghyse/Dev/fractal-cms/app/www/index.php(22): yii\base\Application->run()
#7 {main}
2025-11-11 17:18:54 [127.0.0.1][-][-][info][application] $_GET = []

$_POST = []

$_FILES = []

$_COOKIE = [
    '_ga' => 'GA1.2.1377436158.1746445133'
    '_ga_CR8V9YMTKW' => 'GS2.2.s1746445134$o1$g1$t1746445183$j0$l0$h0'
    'XDEBUG_SESSION' => 'PHPSTORM'
]

$_SERVER = [
    'USER' => 'dghyse'
    'HOME' => '/Users/dghyse'
    'HTTP_COOKIE' => '_ga=GA1.2.1377436158.1746445133; _ga_CR8V9YMTKW=GS2.2.s1746445134$o1$g1$t1746445183$j0$l0$h0; XDEBUG_SESSION=PHPSTORM'
    'HTTP_ACCEPT_LANGUAGE' => 'fr-FR,fr;q=0.9,en-US;q=0.8,en;q=0.7'
    'HTTP_ACCEPT_ENCODING' => 'gzip, deflate, br, zstd'
    'HTTP_SEC_FETCH_DEST' => 'document'
    'HTTP_SEC_FETCH_USER' => '?1'
    'HTTP_SEC_FETCH_MODE' => 'navigate'
    'HTTP_SEC_FETCH_SITE' => 'none'
    'HTTP_ACCEPT' => 'text/html,application/xhtml+xml,application/xml;q=0.9,image/avif,image/webp,image/apng,*/*;q=0.8,application/signed-exchange;v=b3;q=0.7'
    'HTTP_USER_AGENT' => 'Mozilla/5.0 (Macintosh; Intel Mac OS X 10_15_7) AppleWebKit/537.36 (KHTML, like Gecko) Chrome/142.0.0.0 Safari/537.36'
    'HTTP_UPGRADE_INSECURE_REQUESTS' => '1'
    'HTTP_SEC_CH_UA_PLATFORM' => '\"macOS\"'
    'HTTP_SEC_CH_UA_MOBILE' => '?0'
    'HTTP_SEC_CH_UA' => '\"Chromium\";v=\"142\", \"Google Chrome\";v=\"142\", \"Not_A Brand\";v=\"99\"'
    'HTTP_CACHE_CONTROL' => 'max-age=0'
    'HTTP_CONNECTION' => 'keep-alive'
    'HTTP_HOST' => 'bo-fractal-cms.equinox.redcat.intra'
    'REDIRECT_STATUS' => '200'
    'SERVER_NAME' => 'bo-fractal-cms.equinox.redcat.intra'
    'SERVER_PORT' => '443'
    'SERVER_ADDR' => '127.0.0.1'
    'REMOTE_PORT' => '50325'
    'REMOTE_ADDR' => '127.0.0.1'
    'SERVER_SOFTWARE' => 'nginx/1.29.3'
    'GATEWAY_INTERFACE' => 'CGI/1.1'
    'HTTPS' => 'on'
    'REQUEST_SCHEME' => 'https'
    'SERVER_PROTOCOL' => 'HTTP/1.1'
    'DOCUMENT_ROOT' => '/Users/dghyse/Dev/fractal-cms/app/www'
    'DOCUMENT_URI' => '/index.php'
    'REQUEST_URI' => '/'
    'SCRIPT_NAME' => '/index.php'
    'CONTENT_LENGTH' => ''
    'CONTENT_TYPE' => ''
    'REQUEST_METHOD' => 'GET'
    'QUERY_STRING' => ''
    'SCRIPT_FILENAME' => '/Users/dghyse/Dev/fractal-cms/app/www/index.php'
    'FCGI_ROLE' => 'RESPONDER'
    'PHP_SELF' => '/index.php'
    'REQUEST_TIME_FLOAT' => 1762877933.9951
    'REQUEST_TIME' => 1762877933
    'YII_ENV' => 'dev'
    'YII_DEBUG' => '1'
    'YII_MAINTENANCE' => '0'
    'YII_COOKIE_VALIDATION_KEY' => 'aHXTPhqJn2V1F8BZpioFReviAs66wr0ez'
    'APP_VERSION' => '1.0.0'
    'APP_ENV' => 'prd'
    'DB_PORT' => '3306'
    'DB_HOST' => 'localhost'
    'DB_DATABASE' => 'fractalcms'
    'DB_USER' => 'dghyse'
    'DB_PASSWORD' => '***'
    'DB_DRIVER' => 'mysql'
    'DB_SCHEMA_CACHE' => '1'
    'DB_SCHEMA_CACHE_DURATION' => '3600'
    'DB_SCHEMA' => ''
    'REDIS_ENABLED' => '0'
    'REDIS_HOST' => 'localhost'
    'REDIS_PORT' => '6379'
    'REDIS_PASSWORD' => '***'
    'REDIS_DATABASE' => '2'
    'CACHE_PAGE_ENABLED' => '0'
    'CACHE_PAGE_DURATION' => '3600'
    'CACHE_WIDGET_ENABLED' => '1'
    'CACHE_WIDGET_DURATION' => '3600'
]
2025-11-11 17:20:04 [127.0.0.1][-][-][error][yii\base\UnknownClassException] yii\base\UnknownClassException: Unable to find 'webapp\controllers\SiteController' in file: /Users/dghyse/Dev/fractal-cms/app/webapp/controllers/SiteController.php. Namespace missing? in /Users/dghyse/Dev/fractal-cms/vendor/yiisoft/yii2/BaseYii.php:299
Stack trace:
#0 [internal function]: yii\BaseYii::autoload('webapp\\controll...')
#1 /Users/dghyse/Dev/fractal-cms/vendor/yiisoft/yii2/base/Module.php(664): class_exists('webapp\\controll...')
#2 /Users/dghyse/Dev/fractal-cms/vendor/yiisoft/yii2/base/Module.php(623): yii\base\Module->createControllerByID('site')
#3 /Users/dghyse/Dev/fractal-cms/vendor/yiisoft/yii2/base/Module.php(549): yii\base\Module->createController('index')
#4 /Users/dghyse/Dev/fractal-cms/vendor/yiisoft/yii2/web/Application.php(103): yii\base\Module->runAction('site/index', Array)
#5 /Users/dghyse/Dev/fractal-cms/vendor/yiisoft/yii2/base/Application.php(387): yii\web\Application->handleRequest(Object(yii\web\Request))
#6 /Users/dghyse/Dev/fractal-cms/app/www/index.php(22): yii\base\Application->run()
#7 {main}
2025-11-11 17:20:04 [127.0.0.1][-][-][info][application] $_GET = []

$_POST = []

$_FILES = []

$_COOKIE = [
    '_ga' => 'GA1.2.1377436158.1746445133'
    '_ga_CR8V9YMTKW' => 'GS2.2.s1746445134$o1$g1$t1746445183$j0$l0$h0'
    'XDEBUG_SESSION' => 'PHPSTORM'
]

$_SERVER = [
    'USER' => 'dghyse'
    'HOME' => '/Users/dghyse'
    'HTTP_COOKIE' => '_ga=GA1.2.1377436158.1746445133; _ga_CR8V9YMTKW=GS2.2.s1746445134$o1$g1$t1746445183$j0$l0$h0; XDEBUG_SESSION=PHPSTORM'
    'HTTP_ACCEPT_LANGUAGE' => 'fr-FR,fr;q=0.9,en-US;q=0.8,en;q=0.7'
    'HTTP_ACCEPT_ENCODING' => 'gzip, deflate, br, zstd'
    'HTTP_SEC_FETCH_DEST' => 'document'
    'HTTP_SEC_FETCH_USER' => '?1'
    'HTTP_SEC_FETCH_MODE' => 'navigate'
    'HTTP_SEC_FETCH_SITE' => 'none'
    'HTTP_ACCEPT' => 'text/html,application/xhtml+xml,application/xml;q=0.9,image/avif,image/webp,image/apng,*/*;q=0.8,application/signed-exchange;v=b3;q=0.7'
    'HTTP_USER_AGENT' => 'Mozilla/5.0 (Macintosh; Intel Mac OS X 10_15_7) AppleWebKit/537.36 (KHTML, like Gecko) Chrome/142.0.0.0 Safari/537.36'
    'HTTP_UPGRADE_INSECURE_REQUESTS' => '1'
    'HTTP_SEC_CH_UA_PLATFORM' => '\"macOS\"'
    'HTTP_SEC_CH_UA_MOBILE' => '?0'
    'HTTP_SEC_CH_UA' => '\"Chromium\";v=\"142\", \"Google Chrome\";v=\"142\", \"Not_A Brand\";v=\"99\"'
    'HTTP_CACHE_CONTROL' => 'max-age=0'
    'HTTP_CONNECTION' => 'keep-alive'
    'HTTP_HOST' => 'bo-fractal-cms.equinox.redcat.intra'
    'REDIRECT_STATUS' => '200'
    'SERVER_NAME' => 'bo-fractal-cms.equinox.redcat.intra'
    'SERVER_PORT' => '443'
    'SERVER_ADDR' => '127.0.0.1'
    'REMOTE_PORT' => '50338'
    'REMOTE_ADDR' => '127.0.0.1'
    'SERVER_SOFTWARE' => 'nginx/1.29.3'
    'GATEWAY_INTERFACE' => 'CGI/1.1'
    'HTTPS' => 'on'
    'REQUEST_SCHEME' => 'https'
    'SERVER_PROTOCOL' => 'HTTP/1.1'
    'DOCUMENT_ROOT' => '/Users/dghyse/Dev/fractal-cms/app/www'
    'DOCUMENT_URI' => '/index.php'
    'REQUEST_URI' => '/'
    'SCRIPT_NAME' => '/index.php'
    'CONTENT_LENGTH' => ''
    'CONTENT_TYPE' => ''
    'REQUEST_METHOD' => 'GET'
    'QUERY_STRING' => ''
    'SCRIPT_FILENAME' => '/Users/dghyse/Dev/fractal-cms/app/www/index.php'
    'FCGI_ROLE' => 'RESPONDER'
    'PHP_SELF' => '/index.php'
    'REQUEST_TIME_FLOAT' => 1762878004.7487
    'REQUEST_TIME' => 1762878004
    'YII_ENV' => 'dev'
    'YII_DEBUG' => '1'
    'YII_MAINTENANCE' => '0'
    'YII_COOKIE_VALIDATION_KEY' => 'aHXTPhqJn2V1F8BZpioFReviAs66wr0ez'
    'APP_VERSION' => '1.0.0'
    'APP_ENV' => 'prd'
    'DB_PORT' => '3306'
    'DB_HOST' => 'localhost'
    'DB_DATABASE' => 'fractalcms'
    'DB_USER' => 'dghyse'
    'DB_PASSWORD' => '***'
    'DB_DRIVER' => 'mysql'
    'DB_SCHEMA_CACHE' => '1'
    'DB_SCHEMA_CACHE_DURATION' => '3600'
    'DB_SCHEMA' => ''
    'REDIS_ENABLED' => '0'
    'REDIS_HOST' => 'localhost'
    'REDIS_PORT' => '6379'
    'REDIS_PASSWORD' => '***'
    'REDIS_DATABASE' => '2'
    'CACHE_PAGE_ENABLED' => '0'
    'CACHE_PAGE_DURATION' => '3600'
    'CACHE_WIDGET_ENABLED' => '1'
    'CACHE_WIDGET_DURATION' => '3600'
]
2025-11-11 17:20:05 [127.0.0.1][-][-][error][yii\base\UnknownClassException] yii\base\UnknownClassException: Unable to find 'webapp\controllers\SiteController' in file: /Users/dghyse/Dev/fractal-cms/app/webapp/controllers/SiteController.php. Namespace missing? in /Users/dghyse/Dev/fractal-cms/vendor/yiisoft/yii2/BaseYii.php:299
Stack trace:
#0 [internal function]: yii\BaseYii::autoload('webapp\\controll...')
#1 /Users/dghyse/Dev/fractal-cms/vendor/yiisoft/yii2/base/Module.php(664): class_exists('webapp\\controll...')
#2 /Users/dghyse/Dev/fractal-cms/vendor/yiisoft/yii2/base/Module.php(623): yii\base\Module->createControllerByID('site')
#3 /Users/dghyse/Dev/fractal-cms/vendor/yiisoft/yii2/base/Module.php(549): yii\base\Module->createController('index')
#4 /Users/dghyse/Dev/fractal-cms/vendor/yiisoft/yii2/web/Application.php(103): yii\base\Module->runAction('site/index', Array)
#5 /Users/dghyse/Dev/fractal-cms/vendor/yiisoft/yii2/base/Application.php(387): yii\web\Application->handleRequest(Object(yii\web\Request))
#6 /Users/dghyse/Dev/fractal-cms/app/www/index.php(22): yii\base\Application->run()
#7 {main}
2025-11-11 17:20:05 [127.0.0.1][-][-][info][application] $_GET = []

$_POST = []

$_FILES = []

$_COOKIE = [
    '_ga' => 'GA1.2.1377436158.1746445133'
    '_ga_CR8V9YMTKW' => 'GS2.2.s1746445134$o1$g1$t1746445183$j0$l0$h0'
    'XDEBUG_SESSION' => 'PHPSTORM'
]

$_SERVER = [
    'USER' => 'dghyse'
    'HOME' => '/Users/dghyse'
    'HTTP_COOKIE' => '_ga=GA1.2.1377436158.1746445133; _ga_CR8V9YMTKW=GS2.2.s1746445134$o1$g1$t1746445183$j0$l0$h0; XDEBUG_SESSION=PHPSTORM'
    'HTTP_ACCEPT_LANGUAGE' => 'fr-FR,fr;q=0.9,en-US;q=0.8,en;q=0.7'
    'HTTP_ACCEPT_ENCODING' => 'gzip, deflate, br, zstd'
    'HTTP_SEC_FETCH_DEST' => 'document'
    'HTTP_SEC_FETCH_USER' => '?1'
    'HTTP_SEC_FETCH_MODE' => 'navigate'
    'HTTP_SEC_FETCH_SITE' => 'none'
    'HTTP_ACCEPT' => 'text/html,application/xhtml+xml,application/xml;q=0.9,image/avif,image/webp,image/apng,*/*;q=0.8,application/signed-exchange;v=b3;q=0.7'
    'HTTP_USER_AGENT' => 'Mozilla/5.0 (Macintosh; Intel Mac OS X 10_15_7) AppleWebKit/537.36 (KHTML, like Gecko) Chrome/142.0.0.0 Safari/537.36'
    'HTTP_UPGRADE_INSECURE_REQUESTS' => '1'
    'HTTP_SEC_CH_UA_PLATFORM' => '\"macOS\"'
    'HTTP_SEC_CH_UA_MOBILE' => '?0'
    'HTTP_SEC_CH_UA' => '\"Chromium\";v=\"142\", \"Google Chrome\";v=\"142\", \"Not_A Brand\";v=\"99\"'
    'HTTP_CACHE_CONTROL' => 'max-age=0'
    'HTTP_CONNECTION' => 'keep-alive'
    'HTTP_HOST' => 'bo-fractal-cms.equinox.redcat.intra'
    'REDIRECT_STATUS' => '200'
    'SERVER_NAME' => 'bo-fractal-cms.equinox.redcat.intra'
    'SERVER_PORT' => '443'
    'SERVER_ADDR' => '127.0.0.1'
    'REMOTE_PORT' => '50338'
    'REMOTE_ADDR' => '127.0.0.1'
    'SERVER_SOFTWARE' => 'nginx/1.29.3'
    'GATEWAY_INTERFACE' => 'CGI/1.1'
    'HTTPS' => 'on'
    'REQUEST_SCHEME' => 'https'
    'SERVER_PROTOCOL' => 'HTTP/1.1'
    'DOCUMENT_ROOT' => '/Users/dghyse/Dev/fractal-cms/app/www'
    'DOCUMENT_URI' => '/index.php'
    'REQUEST_URI' => '/'
    'SCRIPT_NAME' => '/index.php'
    'CONTENT_LENGTH' => ''
    'CONTENT_TYPE' => ''
    'REQUEST_METHOD' => 'GET'
    'QUERY_STRING' => ''
    'SCRIPT_FILENAME' => '/Users/dghyse/Dev/fractal-cms/app/www/index.php'
    'FCGI_ROLE' => 'RESPONDER'
    'PHP_SELF' => '/index.php'
    'REQUEST_TIME_FLOAT' => 1762878005.5644
    'REQUEST_TIME' => 1762878005
    'YII_ENV' => 'dev'
    'YII_DEBUG' => '1'
    'YII_MAINTENANCE' => '0'
    'YII_COOKIE_VALIDATION_KEY' => 'aHXTPhqJn2V1F8BZpioFReviAs66wr0ez'
    'APP_VERSION' => '1.0.0'
    'APP_ENV' => 'prd'
    'DB_PORT' => '3306'
    'DB_HOST' => 'localhost'
    'DB_DATABASE' => 'fractalcms'
    'DB_USER' => 'dghyse'
    'DB_PASSWORD' => '***'
    'DB_DRIVER' => 'mysql'
    'DB_SCHEMA_CACHE' => '1'
    'DB_SCHEMA_CACHE_DURATION' => '3600'
    'DB_SCHEMA' => ''
    'REDIS_ENABLED' => '0'
    'REDIS_HOST' => 'localhost'
    'REDIS_PORT' => '6379'
    'REDIS_PASSWORD' => '***'
    'REDIS_DATABASE' => '2'
    'CACHE_PAGE_ENABLED' => '0'
    'CACHE_PAGE_DURATION' => '3600'
    'CACHE_WIDGET_ENABLED' => '1'
    'CACHE_WIDGET_DURATION' => '3600'
]
2025-11-11 17:20:05 [127.0.0.1][-][-][error][yii\base\UnknownClassException] yii\base\UnknownClassException: Unable to find 'webapp\controllers\SiteController' in file: /Users/dghyse/Dev/fractal-cms/app/webapp/controllers/SiteController.php. Namespace missing? in /Users/dghyse/Dev/fractal-cms/vendor/yiisoft/yii2/BaseYii.php:299
Stack trace:
#0 [internal function]: yii\BaseYii::autoload('webapp\\controll...')
#1 /Users/dghyse/Dev/fractal-cms/vendor/yiisoft/yii2/base/Module.php(664): class_exists('webapp\\controll...')
#2 /Users/dghyse/Dev/fractal-cms/vendor/yiisoft/yii2/base/Module.php(623): yii\base\Module->createControllerByID('site')
#3 /Users/dghyse/Dev/fractal-cms/vendor/yiisoft/yii2/base/Module.php(549): yii\base\Module->createController('index')
#4 /Users/dghyse/Dev/fractal-cms/vendor/yiisoft/yii2/web/Application.php(103): yii\base\Module->runAction('site/index', Array)
#5 /Users/dghyse/Dev/fractal-cms/vendor/yiisoft/yii2/base/Application.php(387): yii\web\Application->handleRequest(Object(yii\web\Request))
#6 /Users/dghyse/Dev/fractal-cms/app/www/index.php(22): yii\base\Application->run()
#7 {main}
2025-11-11 17:20:05 [127.0.0.1][-][-][info][application] $_GET = []

$_POST = []

$_FILES = []

$_COOKIE = [
    '_ga' => 'GA1.2.1377436158.1746445133'
    '_ga_CR8V9YMTKW' => 'GS2.2.s1746445134$o1$g1$t1746445183$j0$l0$h0'
    'XDEBUG_SESSION' => 'PHPSTORM'
]

$_SERVER = [
    'USER' => 'dghyse'
    'HOME' => '/Users/dghyse'
    'HTTP_COOKIE' => '_ga=GA1.2.1377436158.1746445133; _ga_CR8V9YMTKW=GS2.2.s1746445134$o1$g1$t1746445183$j0$l0$h0; XDEBUG_SESSION=PHPSTORM'
    'HTTP_ACCEPT_LANGUAGE' => 'fr-FR,fr;q=0.9,en-US;q=0.8,en;q=0.7'
    'HTTP_ACCEPT_ENCODING' => 'gzip, deflate, br, zstd'
    'HTTP_SEC_FETCH_DEST' => 'document'
    'HTTP_SEC_FETCH_USER' => '?1'
    'HTTP_SEC_FETCH_MODE' => 'navigate'
    'HTTP_SEC_FETCH_SITE' => 'none'
    'HTTP_ACCEPT' => 'text/html,application/xhtml+xml,application/xml;q=0.9,image/avif,image/webp,image/apng,*/*;q=0.8,application/signed-exchange;v=b3;q=0.7'
    'HTTP_USER_AGENT' => 'Mozilla/5.0 (Macintosh; Intel Mac OS X 10_15_7) AppleWebKit/537.36 (KHTML, like Gecko) Chrome/142.0.0.0 Safari/537.36'
    'HTTP_UPGRADE_INSECURE_REQUESTS' => '1'
    'HTTP_SEC_CH_UA_PLATFORM' => '\"macOS\"'
    'HTTP_SEC_CH_UA_MOBILE' => '?0'
    'HTTP_SEC_CH_UA' => '\"Chromium\";v=\"142\", \"Google Chrome\";v=\"142\", \"Not_A Brand\";v=\"99\"'
    'HTTP_CACHE_CONTROL' => 'max-age=0'
    'HTTP_CONNECTION' => 'keep-alive'
    'HTTP_HOST' => 'bo-fractal-cms.equinox.redcat.intra'
    'REDIRECT_STATUS' => '200'
    'SERVER_NAME' => 'bo-fractal-cms.equinox.redcat.intra'
    'SERVER_PORT' => '443'
    'SERVER_ADDR' => '127.0.0.1'
    'REMOTE_PORT' => '50338'
    'REMOTE_ADDR' => '127.0.0.1'
    'SERVER_SOFTWARE' => 'nginx/1.29.3'
    'GATEWAY_INTERFACE' => 'CGI/1.1'
    'HTTPS' => 'on'
    'REQUEST_SCHEME' => 'https'
    'SERVER_PROTOCOL' => 'HTTP/1.1'
    'DOCUMENT_ROOT' => '/Users/dghyse/Dev/fractal-cms/app/www'
    'DOCUMENT_URI' => '/index.php'
    'REQUEST_URI' => '/'
    'SCRIPT_NAME' => '/index.php'
    'CONTENT_LENGTH' => ''
    'CONTENT_TYPE' => ''
    'REQUEST_METHOD' => 'GET'
    'QUERY_STRING' => ''
    'SCRIPT_FILENAME' => '/Users/dghyse/Dev/fractal-cms/app/www/index.php'
    'FCGI_ROLE' => 'RESPONDER'
    'PHP_SELF' => '/index.php'
    'REQUEST_TIME_FLOAT' => 1762878005.7809
    'REQUEST_TIME' => 1762878005
    'YII_ENV' => 'dev'
    'YII_DEBUG' => '1'
    'YII_MAINTENANCE' => '0'
    'YII_COOKIE_VALIDATION_KEY' => 'aHXTPhqJn2V1F8BZpioFReviAs66wr0ez'
    'APP_VERSION' => '1.0.0'
    'APP_ENV' => 'prd'
    'DB_PORT' => '3306'
    'DB_HOST' => 'localhost'
    'DB_DATABASE' => 'fractalcms'
    'DB_USER' => 'dghyse'
    'DB_PASSWORD' => '***'
    'DB_DRIVER' => 'mysql'
    'DB_SCHEMA_CACHE' => '1'
    'DB_SCHEMA_CACHE_DURATION' => '3600'
    'DB_SCHEMA' => ''
    'REDIS_ENABLED' => '0'
    'REDIS_HOST' => 'localhost'
    'REDIS_PORT' => '6379'
    'REDIS_PASSWORD' => '***'
    'REDIS_DATABASE' => '2'
    'CACHE_PAGE_ENABLED' => '0'
    'CACHE_PAGE_DURATION' => '3600'
    'CACHE_WIDGET_ENABLED' => '1'
    'CACHE_WIDGET_DURATION' => '3600'
]
2025-11-11 17:20:05 [127.0.0.1][-][-][error][yii\base\UnknownClassException] yii\base\UnknownClassException: Unable to find 'webapp\controllers\SiteController' in file: /Users/dghyse/Dev/fractal-cms/app/webapp/controllers/SiteController.php. Namespace missing? in /Users/dghyse/Dev/fractal-cms/vendor/yiisoft/yii2/BaseYii.php:299
Stack trace:
#0 [internal function]: yii\BaseYii::autoload('webapp\\controll...')
#1 /Users/dghyse/Dev/fractal-cms/vendor/yiisoft/yii2/base/Module.php(664): class_exists('webapp\\controll...')
#2 /Users/dghyse/Dev/fractal-cms/vendor/yiisoft/yii2/base/Module.php(623): yii\base\Module->createControllerByID('site')
#3 /Users/dghyse/Dev/fractal-cms/vendor/yiisoft/yii2/base/Module.php(549): yii\base\Module->createController('index')
#4 /Users/dghyse/Dev/fractal-cms/vendor/yiisoft/yii2/web/Application.php(103): yii\base\Module->runAction('site/index', Array)
#5 /Users/dghyse/Dev/fractal-cms/vendor/yiisoft/yii2/base/Application.php(387): yii\web\Application->handleRequest(Object(yii\web\Request))
#6 /Users/dghyse/Dev/fractal-cms/app/www/index.php(22): yii\base\Application->run()
#7 {main}
2025-11-11 17:20:05 [127.0.0.1][-][-][info][application] $_GET = []

$_POST = []

$_FILES = []

$_COOKIE = [
    '_ga' => 'GA1.2.1377436158.1746445133'
    '_ga_CR8V9YMTKW' => 'GS2.2.s1746445134$o1$g1$t1746445183$j0$l0$h0'
    'XDEBUG_SESSION' => 'PHPSTORM'
]

$_SERVER = [
    'USER' => 'dghyse'
    'HOME' => '/Users/dghyse'
    'HTTP_COOKIE' => '_ga=GA1.2.1377436158.1746445133; _ga_CR8V9YMTKW=GS2.2.s1746445134$o1$g1$t1746445183$j0$l0$h0; XDEBUG_SESSION=PHPSTORM'
    'HTTP_ACCEPT_LANGUAGE' => 'fr-FR,fr;q=0.9,en-US;q=0.8,en;q=0.7'
    'HTTP_ACCEPT_ENCODING' => 'gzip, deflate, br, zstd'
    'HTTP_SEC_FETCH_DEST' => 'document'
    'HTTP_SEC_FETCH_USER' => '?1'
    'HTTP_SEC_FETCH_MODE' => 'navigate'
    'HTTP_SEC_FETCH_SITE' => 'none'
    'HTTP_ACCEPT' => 'text/html,application/xhtml+xml,application/xml;q=0.9,image/avif,image/webp,image/apng,*/*;q=0.8,application/signed-exchange;v=b3;q=0.7'
    'HTTP_USER_AGENT' => 'Mozilla/5.0 (Macintosh; Intel Mac OS X 10_15_7) AppleWebKit/537.36 (KHTML, like Gecko) Chrome/142.0.0.0 Safari/537.36'
    'HTTP_UPGRADE_INSECURE_REQUESTS' => '1'
    'HTTP_SEC_CH_UA_PLATFORM' => '\"macOS\"'
    'HTTP_SEC_CH_UA_MOBILE' => '?0'
    'HTTP_SEC_CH_UA' => '\"Chromium\";v=\"142\", \"Google Chrome\";v=\"142\", \"Not_A Brand\";v=\"99\"'
    'HTTP_CACHE_CONTROL' => 'max-age=0'
    'HTTP_CONNECTION' => 'keep-alive'
    'HTTP_HOST' => 'bo-fractal-cms.equinox.redcat.intra'
    'REDIRECT_STATUS' => '200'
    'SERVER_NAME' => 'bo-fractal-cms.equinox.redcat.intra'
    'SERVER_PORT' => '443'
    'SERVER_ADDR' => '127.0.0.1'
    'REMOTE_PORT' => '50338'
    'REMOTE_ADDR' => '127.0.0.1'
    'SERVER_SOFTWARE' => 'nginx/1.29.3'
    'GATEWAY_INTERFACE' => 'CGI/1.1'
    'HTTPS' => 'on'
    'REQUEST_SCHEME' => 'https'
    'SERVER_PROTOCOL' => 'HTTP/1.1'
    'DOCUMENT_ROOT' => '/Users/dghyse/Dev/fractal-cms/app/www'
    'DOCUMENT_URI' => '/index.php'
    'REQUEST_URI' => '/'
    'SCRIPT_NAME' => '/index.php'
    'CONTENT_LENGTH' => ''
    'CONTENT_TYPE' => ''
    'REQUEST_METHOD' => 'GET'
    'QUERY_STRING' => ''
    'SCRIPT_FILENAME' => '/Users/dghyse/Dev/fractal-cms/app/www/index.php'
    'FCGI_ROLE' => 'RESPONDER'
    'PHP_SELF' => '/index.php'
    'REQUEST_TIME_FLOAT' => 1762878005.9806
    'REQUEST_TIME' => 1762878005
    'YII_ENV' => 'dev'
    'YII_DEBUG' => '1'
    'YII_MAINTENANCE' => '0'
    'YII_COOKIE_VALIDATION_KEY' => 'aHXTPhqJn2V1F8BZpioFReviAs66wr0ez'
    'APP_VERSION' => '1.0.0'
    'APP_ENV' => 'prd'
    'DB_PORT' => '3306'
    'DB_HOST' => 'localhost'
    'DB_DATABASE' => 'fractalcms'
    'DB_USER' => 'dghyse'
    'DB_PASSWORD' => '***'
    'DB_DRIVER' => 'mysql'
    'DB_SCHEMA_CACHE' => '1'
    'DB_SCHEMA_CACHE_DURATION' => '3600'
    'DB_SCHEMA' => ''
    'REDIS_ENABLED' => '0'
    'REDIS_HOST' => 'localhost'
    'REDIS_PORT' => '6379'
    'REDIS_PASSWORD' => '***'
    'REDIS_DATABASE' => '2'
    'CACHE_PAGE_ENABLED' => '0'
    'CACHE_PAGE_DURATION' => '3600'
    'CACHE_WIDGET_ENABLED' => '1'
    'CACHE_WIDGET_DURATION' => '3600'
]
2025-11-11 17:20:06 [127.0.0.1][-][-][error][yii\base\UnknownClassException] yii\base\UnknownClassException: Unable to find 'webapp\controllers\SiteController' in file: /Users/dghyse/Dev/fractal-cms/app/webapp/controllers/SiteController.php. Namespace missing? in /Users/dghyse/Dev/fractal-cms/vendor/yiisoft/yii2/BaseYii.php:299
Stack trace:
#0 [internal function]: yii\BaseYii::autoload('webapp\\controll...')
#1 /Users/dghyse/Dev/fractal-cms/vendor/yiisoft/yii2/base/Module.php(664): class_exists('webapp\\controll...')
#2 /Users/dghyse/Dev/fractal-cms/vendor/yiisoft/yii2/base/Module.php(623): yii\base\Module->createControllerByID('site')
#3 /Users/dghyse/Dev/fractal-cms/vendor/yiisoft/yii2/base/Module.php(549): yii\base\Module->createController('index')
#4 /Users/dghyse/Dev/fractal-cms/vendor/yiisoft/yii2/web/Application.php(103): yii\base\Module->runAction('site/index', Array)
#5 /Users/dghyse/Dev/fractal-cms/vendor/yiisoft/yii2/base/Application.php(387): yii\web\Application->handleRequest(Object(yii\web\Request))
#6 /Users/dghyse/Dev/fractal-cms/app/www/index.php(22): yii\base\Application->run()
#7 {main}
2025-11-11 17:20:06 [127.0.0.1][-][-][info][application] $_GET = []

$_POST = []

$_FILES = []

$_COOKIE = [
    '_ga' => 'GA1.2.1377436158.1746445133'
    '_ga_CR8V9YMTKW' => 'GS2.2.s1746445134$o1$g1$t1746445183$j0$l0$h0'
    'XDEBUG_SESSION' => 'PHPSTORM'
]

$_SERVER = [
    'USER' => 'dghyse'
    'HOME' => '/Users/dghyse'
    'HTTP_COOKIE' => '_ga=GA1.2.1377436158.1746445133; _ga_CR8V9YMTKW=GS2.2.s1746445134$o1$g1$t1746445183$j0$l0$h0; XDEBUG_SESSION=PHPSTORM'
    'HTTP_ACCEPT_LANGUAGE' => 'fr-FR,fr;q=0.9,en-US;q=0.8,en;q=0.7'
    'HTTP_ACCEPT_ENCODING' => 'gzip, deflate, br, zstd'
    'HTTP_SEC_FETCH_DEST' => 'document'
    'HTTP_SEC_FETCH_USER' => '?1'
    'HTTP_SEC_FETCH_MODE' => 'navigate'
    'HTTP_SEC_FETCH_SITE' => 'none'
    'HTTP_ACCEPT' => 'text/html,application/xhtml+xml,application/xml;q=0.9,image/avif,image/webp,image/apng,*/*;q=0.8,application/signed-exchange;v=b3;q=0.7'
    'HTTP_USER_AGENT' => 'Mozilla/5.0 (Macintosh; Intel Mac OS X 10_15_7) AppleWebKit/537.36 (KHTML, like Gecko) Chrome/142.0.0.0 Safari/537.36'
    'HTTP_UPGRADE_INSECURE_REQUESTS' => '1'
    'HTTP_SEC_CH_UA_PLATFORM' => '\"macOS\"'
    'HTTP_SEC_CH_UA_MOBILE' => '?0'
    'HTTP_SEC_CH_UA' => '\"Chromium\";v=\"142\", \"Google Chrome\";v=\"142\", \"Not_A Brand\";v=\"99\"'
    'HTTP_CACHE_CONTROL' => 'max-age=0'
    'HTTP_CONNECTION' => 'keep-alive'
    'HTTP_HOST' => 'bo-fractal-cms.equinox.redcat.intra'
    'REDIRECT_STATUS' => '200'
    'SERVER_NAME' => 'bo-fractal-cms.equinox.redcat.intra'
    'SERVER_PORT' => '443'
    'SERVER_ADDR' => '127.0.0.1'
    'REMOTE_PORT' => '50338'
    'REMOTE_ADDR' => '127.0.0.1'
    'SERVER_SOFTWARE' => 'nginx/1.29.3'
    'GATEWAY_INTERFACE' => 'CGI/1.1'
    'HTTPS' => 'on'
    'REQUEST_SCHEME' => 'https'
    'SERVER_PROTOCOL' => 'HTTP/1.1'
    'DOCUMENT_ROOT' => '/Users/dghyse/Dev/fractal-cms/app/www'
    'DOCUMENT_URI' => '/index.php'
    'REQUEST_URI' => '/'
    'SCRIPT_NAME' => '/index.php'
    'CONTENT_LENGTH' => ''
    'CONTENT_TYPE' => ''
    'REQUEST_METHOD' => 'GET'
    'QUERY_STRING' => ''
    'SCRIPT_FILENAME' => '/Users/dghyse/Dev/fractal-cms/app/www/index.php'
    'FCGI_ROLE' => 'RESPONDER'
    'PHP_SELF' => '/index.php'
    'REQUEST_TIME_FLOAT' => 1762878006.1807
    'REQUEST_TIME' => 1762878006
    'YII_ENV' => 'dev'
    'YII_DEBUG' => '1'
    'YII_MAINTENANCE' => '0'
    'YII_COOKIE_VALIDATION_KEY' => 'aHXTPhqJn2V1F8BZpioFReviAs66wr0ez'
    'APP_VERSION' => '1.0.0'
    'APP_ENV' => 'prd'
    'DB_PORT' => '3306'
    'DB_HOST' => 'localhost'
    'DB_DATABASE' => 'fractalcms'
    'DB_USER' => 'dghyse'
    'DB_PASSWORD' => '***'
    'DB_DRIVER' => 'mysql'
    'DB_SCHEMA_CACHE' => '1'
    'DB_SCHEMA_CACHE_DURATION' => '3600'
    'DB_SCHEMA' => ''
    'REDIS_ENABLED' => '0'
    'REDIS_HOST' => 'localhost'
    'REDIS_PORT' => '6379'
    'REDIS_PASSWORD' => '***'
    'REDIS_DATABASE' => '2'
    'CACHE_PAGE_ENABLED' => '0'
    'CACHE_PAGE_DURATION' => '3600'
    'CACHE_WIDGET_ENABLED' => '1'
    'CACHE_WIDGET_DURATION' => '3600'
]
2025-11-11 17:21:08 [127.0.0.1][-][-][error][yii\web\HttpException:404] yii\base\InvalidRouteException: Unable to resolve the request "site/index". in /Users/dghyse/Dev/fractal-cms/vendor/yiisoft/yii2/base/Module.php:564
Stack trace:
#0 /Users/dghyse/Dev/fractal-cms/vendor/yiisoft/yii2/web/Application.php(103): yii\base\Module->runAction('site/index', Array)
#1 /Users/dghyse/Dev/fractal-cms/vendor/yiisoft/yii2/base/Application.php(387): yii\web\Application->handleRequest(Object(yii\web\Request))
#2 /Users/dghyse/Dev/fractal-cms/app/www/index.php(22): yii\base\Application->run()
#3 {main}

Next yii\web\NotFoundHttpException: Page non trouvée. in /Users/dghyse/Dev/fractal-cms/vendor/yiisoft/yii2/web/Application.php:115
Stack trace:
#0 /Users/dghyse/Dev/fractal-cms/vendor/yiisoft/yii2/base/Application.php(387): yii\web\Application->handleRequest(Object(yii\web\Request))
#1 /Users/dghyse/Dev/fractal-cms/app/www/index.php(22): yii\base\Application->run()
#2 {main}
2025-11-11 17:21:08 [127.0.0.1][-][-][info][application] $_GET = []

$_POST = []

$_FILES = []

$_COOKIE = [
    '_ga' => 'GA1.2.1377436158.1746445133'
    '_ga_CR8V9YMTKW' => 'GS2.2.s1746445134$o1$g1$t1746445183$j0$l0$h0'
    'XDEBUG_SESSION' => 'PHPSTORM'
]

$_SERVER = [
    'USER' => 'dghyse'
    'HOME' => '/Users/dghyse'
    'HTTP_COOKIE' => '_ga=GA1.2.1377436158.1746445133; _ga_CR8V9YMTKW=GS2.2.s1746445134$o1$g1$t1746445183$j0$l0$h0; XDEBUG_SESSION=PHPSTORM'
    'HTTP_ACCEPT_LANGUAGE' => 'fr-FR,fr;q=0.9,en-US;q=0.8,en;q=0.7'
    'HTTP_ACCEPT_ENCODING' => 'gzip, deflate, br, zstd'
    'HTTP_SEC_FETCH_DEST' => 'document'
    'HTTP_SEC_FETCH_USER' => '?1'
    'HTTP_SEC_FETCH_MODE' => 'navigate'
    'HTTP_SEC_FETCH_SITE' => 'none'
    'HTTP_ACCEPT' => 'text/html,application/xhtml+xml,application/xml;q=0.9,image/avif,image/webp,image/apng,*/*;q=0.8,application/signed-exchange;v=b3;q=0.7'
    'HTTP_USER_AGENT' => 'Mozilla/5.0 (Macintosh; Intel Mac OS X 10_15_7) AppleWebKit/537.36 (KHTML, like Gecko) Chrome/142.0.0.0 Safari/537.36'
    'HTTP_UPGRADE_INSECURE_REQUESTS' => '1'
    'HTTP_SEC_CH_UA_PLATFORM' => '\"macOS\"'
    'HTTP_SEC_CH_UA_MOBILE' => '?0'
    'HTTP_SEC_CH_UA' => '\"Chromium\";v=\"142\", \"Google Chrome\";v=\"142\", \"Not_A Brand\";v=\"99\"'
    'HTTP_CACHE_CONTROL' => 'max-age=0'
    'HTTP_CONNECTION' => 'keep-alive'
    'HTTP_HOST' => 'bo-fractal-cms.equinox.redcat.intra'
    'REDIRECT_STATUS' => '200'
    'SERVER_NAME' => 'bo-fractal-cms.equinox.redcat.intra'
    'SERVER_PORT' => '443'
    'SERVER_ADDR' => '127.0.0.1'
    'REMOTE_PORT' => '50338'
    'REMOTE_ADDR' => '127.0.0.1'
    'SERVER_SOFTWARE' => 'nginx/1.29.3'
    'GATEWAY_INTERFACE' => 'CGI/1.1'
    'HTTPS' => 'on'
    'REQUEST_SCHEME' => 'https'
    'SERVER_PROTOCOL' => 'HTTP/1.1'
    'DOCUMENT_ROOT' => '/Users/dghyse/Dev/fractal-cms/app/www'
    'DOCUMENT_URI' => '/index.php'
    'REQUEST_URI' => '/'
    'SCRIPT_NAME' => '/index.php'
    'CONTENT_LENGTH' => ''
    'CONTENT_TYPE' => ''
    'REQUEST_METHOD' => 'GET'
    'QUERY_STRING' => ''
    'SCRIPT_FILENAME' => '/Users/dghyse/Dev/fractal-cms/app/www/index.php'
    'FCGI_ROLE' => 'RESPONDER'
    'PHP_SELF' => '/index.php'
    'REQUEST_TIME_FLOAT' => 1762878068.149
    'REQUEST_TIME' => 1762878068
    'YII_ENV' => 'dev'
    'YII_DEBUG' => '1'
    'YII_MAINTENANCE' => '0'
    'YII_COOKIE_VALIDATION_KEY' => 'aHXTPhqJn2V1F8BZpioFReviAs66wr0ez'
    'APP_VERSION' => '1.0.0'
    'APP_ENV' => 'prd'
    'DB_PORT' => '3306'
    'DB_HOST' => 'localhost'
    'DB_DATABASE' => 'fractalcms'
    'DB_USER' => 'dghyse'
    'DB_PASSWORD' => '***'
    'DB_DRIVER' => 'mysql'
    'DB_SCHEMA_CACHE' => '1'
    'DB_SCHEMA_CACHE_DURATION' => '3600'
    'DB_SCHEMA' => ''
    'REDIS_ENABLED' => '0'
    'REDIS_HOST' => 'localhost'
    'REDIS_PORT' => '6379'
    'REDIS_PASSWORD' => '***'
    'REDIS_DATABASE' => '2'
    'CACHE_PAGE_ENABLED' => '0'
    'CACHE_PAGE_DURATION' => '3600'
    'CACHE_WIDGET_ENABLED' => '1'
    'CACHE_WIDGET_DURATION' => '3600'
]
2025-11-11 17:21:09 [127.0.0.1][-][-][error][yii\web\HttpException:404] yii\base\InvalidRouteException: Unable to resolve the request "site/index". in /Users/dghyse/Dev/fractal-cms/vendor/yiisoft/yii2/base/Module.php:564
Stack trace:
#0 /Users/dghyse/Dev/fractal-cms/vendor/yiisoft/yii2/web/Application.php(103): yii\base\Module->runAction('site/index', Array)
#1 /Users/dghyse/Dev/fractal-cms/vendor/yiisoft/yii2/base/Application.php(387): yii\web\Application->handleRequest(Object(yii\web\Request))
#2 /Users/dghyse/Dev/fractal-cms/app/www/index.php(22): yii\base\Application->run()
#3 {main}

Next yii\web\NotFoundHttpException: Page non trouvée. in /Users/dghyse/Dev/fractal-cms/vendor/yiisoft/yii2/web/Application.php:115
Stack trace:
#0 /Users/dghyse/Dev/fractal-cms/vendor/yiisoft/yii2/base/Application.php(387): yii\web\Application->handleRequest(Object(yii\web\Request))
#1 /Users/dghyse/Dev/fractal-cms/app/www/index.php(22): yii\base\Application->run()
#2 {main}
2025-11-11 17:21:09 [127.0.0.1][-][-][info][application] $_GET = []

$_POST = []

$_FILES = []

$_COOKIE = [
    '_ga' => 'GA1.2.1377436158.1746445133'
    '_ga_CR8V9YMTKW' => 'GS2.2.s1746445134$o1$g1$t1746445183$j0$l0$h0'
    'XDEBUG_SESSION' => 'PHPSTORM'
]

$_SERVER = [
    'USER' => 'dghyse'
    'HOME' => '/Users/dghyse'
    'HTTP_COOKIE' => '_ga=GA1.2.1377436158.1746445133; _ga_CR8V9YMTKW=GS2.2.s1746445134$o1$g1$t1746445183$j0$l0$h0; XDEBUG_SESSION=PHPSTORM'
    'HTTP_ACCEPT_LANGUAGE' => 'fr-FR,fr;q=0.9,en-US;q=0.8,en;q=0.7'
    'HTTP_ACCEPT_ENCODING' => 'gzip, deflate, br, zstd'
    'HTTP_SEC_FETCH_DEST' => 'document'
    'HTTP_SEC_FETCH_USER' => '?1'
    'HTTP_SEC_FETCH_MODE' => 'navigate'
    'HTTP_SEC_FETCH_SITE' => 'none'
    'HTTP_ACCEPT' => 'text/html,application/xhtml+xml,application/xml;q=0.9,image/avif,image/webp,image/apng,*/*;q=0.8,application/signed-exchange;v=b3;q=0.7'
    'HTTP_USER_AGENT' => 'Mozilla/5.0 (Macintosh; Intel Mac OS X 10_15_7) AppleWebKit/537.36 (KHTML, like Gecko) Chrome/142.0.0.0 Safari/537.36'
    'HTTP_UPGRADE_INSECURE_REQUESTS' => '1'
    'HTTP_SEC_CH_UA_PLATFORM' => '\"macOS\"'
    'HTTP_SEC_CH_UA_MOBILE' => '?0'
    'HTTP_SEC_CH_UA' => '\"Chromium\";v=\"142\", \"Google Chrome\";v=\"142\", \"Not_A Brand\";v=\"99\"'
    'HTTP_CACHE_CONTROL' => 'max-age=0'
    'HTTP_CONNECTION' => 'keep-alive'
    'HTTP_HOST' => 'bo-fractal-cms.equinox.redcat.intra'
    'REDIRECT_STATUS' => '200'
    'SERVER_NAME' => 'bo-fractal-cms.equinox.redcat.intra'
    'SERVER_PORT' => '443'
    'SERVER_ADDR' => '127.0.0.1'
    'REMOTE_PORT' => '50338'
    'REMOTE_ADDR' => '127.0.0.1'
    'SERVER_SOFTWARE' => 'nginx/1.29.3'
    'GATEWAY_INTERFACE' => 'CGI/1.1'
    'HTTPS' => 'on'
    'REQUEST_SCHEME' => 'https'
    'SERVER_PROTOCOL' => 'HTTP/1.1'
    'DOCUMENT_ROOT' => '/Users/dghyse/Dev/fractal-cms/app/www'
    'DOCUMENT_URI' => '/index.php'
    'REQUEST_URI' => '/'
    'SCRIPT_NAME' => '/index.php'
    'CONTENT_LENGTH' => ''
    'CONTENT_TYPE' => ''
    'REQUEST_METHOD' => 'GET'
    'QUERY_STRING' => ''
    'SCRIPT_FILENAME' => '/Users/dghyse/Dev/fractal-cms/app/www/index.php'
    'FCGI_ROLE' => 'RESPONDER'
    'PHP_SELF' => '/index.php'
    'REQUEST_TIME_FLOAT' => 1762878069.5503
    'REQUEST_TIME' => 1762878069
    'YII_ENV' => 'dev'
    'YII_DEBUG' => '1'
    'YII_MAINTENANCE' => '0'
    'YII_COOKIE_VALIDATION_KEY' => 'aHXTPhqJn2V1F8BZpioFReviAs66wr0ez'
    'APP_VERSION' => '1.0.0'
    'APP_ENV' => 'prd'
    'DB_PORT' => '3306'
    'DB_HOST' => 'localhost'
    'DB_DATABASE' => 'fractalcms'
    'DB_USER' => 'dghyse'
    'DB_PASSWORD' => '***'
    'DB_DRIVER' => 'mysql'
    'DB_SCHEMA_CACHE' => '1'
    'DB_SCHEMA_CACHE_DURATION' => '3600'
    'DB_SCHEMA' => ''
    'REDIS_ENABLED' => '0'
    'REDIS_HOST' => 'localhost'
    'REDIS_PORT' => '6379'
    'REDIS_PASSWORD' => '***'
    'REDIS_DATABASE' => '2'
    'CACHE_PAGE_ENABLED' => '0'
    'CACHE_PAGE_DURATION' => '3600'
    'CACHE_WIDGET_ENABLED' => '1'
    'CACHE_WIDGET_DURATION' => '3600'
]
2025-11-11 17:21:09 [127.0.0.1][-][-][error][yii\web\HttpException:404] yii\base\InvalidRouteException: Unable to resolve the request "site/index". in /Users/dghyse/Dev/fractal-cms/vendor/yiisoft/yii2/base/Module.php:564
Stack trace:
#0 /Users/dghyse/Dev/fractal-cms/vendor/yiisoft/yii2/web/Application.php(103): yii\base\Module->runAction('site/index', Array)
#1 /Users/dghyse/Dev/fractal-cms/vendor/yiisoft/yii2/base/Application.php(387): yii\web\Application->handleRequest(Object(yii\web\Request))
#2 /Users/dghyse/Dev/fractal-cms/app/www/index.php(22): yii\base\Application->run()
#3 {main}

Next yii\web\NotFoundHttpException: Page non trouvée. in /Users/dghyse/Dev/fractal-cms/vendor/yiisoft/yii2/web/Application.php:115
Stack trace:
#0 /Users/dghyse/Dev/fractal-cms/vendor/yiisoft/yii2/base/Application.php(387): yii\web\Application->handleRequest(Object(yii\web\Request))
#1 /Users/dghyse/Dev/fractal-cms/app/www/index.php(22): yii\base\Application->run()
#2 {main}
2025-11-11 17:21:09 [127.0.0.1][-][-][info][application] $_GET = []

$_POST = []

$_FILES = []

$_COOKIE = [
    '_ga' => 'GA1.2.1377436158.1746445133'
    '_ga_CR8V9YMTKW' => 'GS2.2.s1746445134$o1$g1$t1746445183$j0$l0$h0'
    'XDEBUG_SESSION' => 'PHPSTORM'
]

$_SERVER = [
    'USER' => 'dghyse'
    'HOME' => '/Users/dghyse'
    'HTTP_COOKIE' => '_ga=GA1.2.1377436158.1746445133; _ga_CR8V9YMTKW=GS2.2.s1746445134$o1$g1$t1746445183$j0$l0$h0; XDEBUG_SESSION=PHPSTORM'
    'HTTP_ACCEPT_LANGUAGE' => 'fr-FR,fr;q=0.9,en-US;q=0.8,en;q=0.7'
    'HTTP_ACCEPT_ENCODING' => 'gzip, deflate, br, zstd'
    'HTTP_SEC_FETCH_DEST' => 'document'
    'HTTP_SEC_FETCH_USER' => '?1'
    'HTTP_SEC_FETCH_MODE' => 'navigate'
    'HTTP_SEC_FETCH_SITE' => 'none'
    'HTTP_ACCEPT' => 'text/html,application/xhtml+xml,application/xml;q=0.9,image/avif,image/webp,image/apng,*/*;q=0.8,application/signed-exchange;v=b3;q=0.7'
    'HTTP_USER_AGENT' => 'Mozilla/5.0 (Macintosh; Intel Mac OS X 10_15_7) AppleWebKit/537.36 (KHTML, like Gecko) Chrome/142.0.0.0 Safari/537.36'
    'HTTP_UPGRADE_INSECURE_REQUESTS' => '1'
    'HTTP_SEC_CH_UA_PLATFORM' => '\"macOS\"'
    'HTTP_SEC_CH_UA_MOBILE' => '?0'
    'HTTP_SEC_CH_UA' => '\"Chromium\";v=\"142\", \"Google Chrome\";v=\"142\", \"Not_A Brand\";v=\"99\"'
    'HTTP_CACHE_CONTROL' => 'max-age=0'
    'HTTP_CONNECTION' => 'keep-alive'
    'HTTP_HOST' => 'bo-fractal-cms.equinox.redcat.intra'
    'REDIRECT_STATUS' => '200'
    'SERVER_NAME' => 'bo-fractal-cms.equinox.redcat.intra'
    'SERVER_PORT' => '443'
    'SERVER_ADDR' => '127.0.0.1'
    'REMOTE_PORT' => '50338'
    'REMOTE_ADDR' => '127.0.0.1'
    'SERVER_SOFTWARE' => 'nginx/1.29.3'
    'GATEWAY_INTERFACE' => 'CGI/1.1'
    'HTTPS' => 'on'
    'REQUEST_SCHEME' => 'https'
    'SERVER_PROTOCOL' => 'HTTP/1.1'
    'DOCUMENT_ROOT' => '/Users/dghyse/Dev/fractal-cms/app/www'
    'DOCUMENT_URI' => '/index.php'
    'REQUEST_URI' => '/'
    'SCRIPT_NAME' => '/index.php'
    'CONTENT_LENGTH' => ''
    'CONTENT_TYPE' => ''
    'REQUEST_METHOD' => 'GET'
    'QUERY_STRING' => ''
    'SCRIPT_FILENAME' => '/Users/dghyse/Dev/fractal-cms/app/www/index.php'
    'FCGI_ROLE' => 'RESPONDER'
    'PHP_SELF' => '/index.php'
    'REQUEST_TIME_FLOAT' => 1762878069.7513
    'REQUEST_TIME' => 1762878069
    'YII_ENV' => 'dev'
    'YII_DEBUG' => '1'
    'YII_MAINTENANCE' => '0'
    'YII_COOKIE_VALIDATION_KEY' => 'aHXTPhqJn2V1F8BZpioFReviAs66wr0ez'
    'APP_VERSION' => '1.0.0'
    'APP_ENV' => 'prd'
    'DB_PORT' => '3306'
    'DB_HOST' => 'localhost'
    'DB_DATABASE' => 'fractalcms'
    'DB_USER' => 'dghyse'
    'DB_PASSWORD' => '***'
    'DB_DRIVER' => 'mysql'
    'DB_SCHEMA_CACHE' => '1'
    'DB_SCHEMA_CACHE_DURATION' => '3600'
    'DB_SCHEMA' => ''
    'REDIS_ENABLED' => '0'
    'REDIS_HOST' => 'localhost'
    'REDIS_PORT' => '6379'
    'REDIS_PASSWORD' => '***'
    'REDIS_DATABASE' => '2'
    'CACHE_PAGE_ENABLED' => '0'
    'CACHE_PAGE_DURATION' => '3600'
    'CACHE_WIDGET_ENABLED' => '1'
    'CACHE_WIDGET_DURATION' => '3600'
]
2025-11-11 17:21:29 [127.0.0.1][-][-][error][yii\web\HttpException:404] yii\base\InvalidRouteException: Unable to resolve the request "site/index". in /Users/dghyse/Dev/fractal-cms/vendor/yiisoft/yii2/base/Module.php:564
Stack trace:
#0 /Users/dghyse/Dev/fractal-cms/vendor/yiisoft/yii2/web/Application.php(103): yii\base\Module->runAction('site/index', Array)
#1 /Users/dghyse/Dev/fractal-cms/vendor/yiisoft/yii2/base/Application.php(387): yii\web\Application->handleRequest(Object(yii\web\Request))
#2 /Users/dghyse/Dev/fractal-cms/app/www/index.php(22): yii\base\Application->run()
#3 {main}

Next yii\web\NotFoundHttpException: Page non trouvée. in /Users/dghyse/Dev/fractal-cms/vendor/yiisoft/yii2/web/Application.php:115
Stack trace:
#0 /Users/dghyse/Dev/fractal-cms/vendor/yiisoft/yii2/base/Application.php(387): yii\web\Application->handleRequest(Object(yii\web\Request))
#1 /Users/dghyse/Dev/fractal-cms/app/www/index.php(22): yii\base\Application->run()
#2 {main}
2025-11-11 17:21:29 [127.0.0.1][-][-][info][application] $_GET = []

$_POST = []

$_FILES = []

$_COOKIE = [
    '_ga' => 'GA1.2.1377436158.1746445133'
    '_ga_CR8V9YMTKW' => 'GS2.2.s1746445134$o1$g1$t1746445183$j0$l0$h0'
    'XDEBUG_SESSION' => 'PHPSTORM'
]

$_SERVER = [
    'USER' => 'dghyse'
    'HOME' => '/Users/dghyse'
    'HTTP_COOKIE' => '_ga=GA1.2.1377436158.1746445133; _ga_CR8V9YMTKW=GS2.2.s1746445134$o1$g1$t1746445183$j0$l0$h0; XDEBUG_SESSION=PHPSTORM'
    'HTTP_ACCEPT_LANGUAGE' => 'fr-FR,fr;q=0.9,en-US;q=0.8,en;q=0.7'
    'HTTP_ACCEPT_ENCODING' => 'gzip, deflate, br, zstd'
    'HTTP_SEC_FETCH_DEST' => 'document'
    'HTTP_SEC_FETCH_USER' => '?1'
    'HTTP_SEC_FETCH_MODE' => 'navigate'
    'HTTP_SEC_FETCH_SITE' => 'none'
    'HTTP_ACCEPT' => 'text/html,application/xhtml+xml,application/xml;q=0.9,image/avif,image/webp,image/apng,*/*;q=0.8,application/signed-exchange;v=b3;q=0.7'
    'HTTP_USER_AGENT' => 'Mozilla/5.0 (Macintosh; Intel Mac OS X 10_15_7) AppleWebKit/537.36 (KHTML, like Gecko) Chrome/142.0.0.0 Safari/537.36'
    'HTTP_UPGRADE_INSECURE_REQUESTS' => '1'
    'HTTP_SEC_CH_UA_PLATFORM' => '\"macOS\"'
    'HTTP_SEC_CH_UA_MOBILE' => '?0'
    'HTTP_SEC_CH_UA' => '\"Chromium\";v=\"142\", \"Google Chrome\";v=\"142\", \"Not_A Brand\";v=\"99\"'
    'HTTP_CACHE_CONTROL' => 'max-age=0'
    'HTTP_CONNECTION' => 'keep-alive'
    'HTTP_HOST' => 'bo-fractal-cms.equinox.redcat.intra'
    'REDIRECT_STATUS' => '200'
    'SERVER_NAME' => 'bo-fractal-cms.equinox.redcat.intra'
    'SERVER_PORT' => '443'
    'SERVER_ADDR' => '127.0.0.1'
    'REMOTE_PORT' => '50338'
    'REMOTE_ADDR' => '127.0.0.1'
    'SERVER_SOFTWARE' => 'nginx/1.29.3'
    'GATEWAY_INTERFACE' => 'CGI/1.1'
    'HTTPS' => 'on'
    'REQUEST_SCHEME' => 'https'
    'SERVER_PROTOCOL' => 'HTTP/1.1'
    'DOCUMENT_ROOT' => '/Users/dghyse/Dev/fractal-cms/app/www'
    'DOCUMENT_URI' => '/index.php'
    'REQUEST_URI' => '/'
    'SCRIPT_NAME' => '/index.php'
    'CONTENT_LENGTH' => ''
    'CONTENT_TYPE' => ''
    'REQUEST_METHOD' => 'GET'
    'QUERY_STRING' => ''
    'SCRIPT_FILENAME' => '/Users/dghyse/Dev/fractal-cms/app/www/index.php'
    'FCGI_ROLE' => 'RESPONDER'
    'PHP_SELF' => '/index.php'
    'REQUEST_TIME_FLOAT' => 1762878089.3682
    'REQUEST_TIME' => 1762878089
    'YII_ENV' => 'dev'
    'YII_DEBUG' => '1'
    'YII_MAINTENANCE' => '0'
    'YII_COOKIE_VALIDATION_KEY' => 'aHXTPhqJn2V1F8BZpioFReviAs66wr0ez'
    'APP_VERSION' => '1.0.0'
    'APP_ENV' => 'prd'
    'DB_PORT' => '3306'
    'DB_HOST' => 'localhost'
    'DB_DATABASE' => 'fractalcms'
    'DB_USER' => 'dghyse'
    'DB_PASSWORD' => '***'
    'DB_DRIVER' => 'mysql'
    'DB_SCHEMA_CACHE' => '1'
    'DB_SCHEMA_CACHE_DURATION' => '3600'
    'DB_SCHEMA' => ''
    'REDIS_ENABLED' => '0'
    'REDIS_HOST' => 'localhost'
    'REDIS_PORT' => '6379'
    'REDIS_PASSWORD' => '***'
    'REDIS_DATABASE' => '2'
    'CACHE_PAGE_ENABLED' => '0'
    'CACHE_PAGE_DURATION' => '3600'
    'CACHE_WIDGET_ENABLED' => '1'
    'CACHE_WIDGET_DURATION' => '3600'
]
2025-11-11 17:21:30 [127.0.0.1][-][-][error][yii\web\HttpException:404] yii\base\InvalidRouteException: Unable to resolve the request "site/index". in /Users/dghyse/Dev/fractal-cms/vendor/yiisoft/yii2/base/Module.php:564
Stack trace:
#0 /Users/dghyse/Dev/fractal-cms/vendor/yiisoft/yii2/web/Application.php(103): yii\base\Module->runAction('site/index', Array)
#1 /Users/dghyse/Dev/fractal-cms/vendor/yiisoft/yii2/base/Application.php(387): yii\web\Application->handleRequest(Object(yii\web\Request))
#2 /Users/dghyse/Dev/fractal-cms/app/www/index.php(22): yii\base\Application->run()
#3 {main}

Next yii\web\NotFoundHttpException: Page non trouvée. in /Users/dghyse/Dev/fractal-cms/vendor/yiisoft/yii2/web/Application.php:115
Stack trace:
#0 /Users/dghyse/Dev/fractal-cms/vendor/yiisoft/yii2/base/Application.php(387): yii\web\Application->handleRequest(Object(yii\web\Request))
#1 /Users/dghyse/Dev/fractal-cms/app/www/index.php(22): yii\base\Application->run()
#2 {main}
2025-11-11 17:21:30 [127.0.0.1][-][-][info][application] $_GET = []

$_POST = []

$_FILES = []

$_COOKIE = [
    '_ga' => 'GA1.2.1377436158.1746445133'
    '_ga_CR8V9YMTKW' => 'GS2.2.s1746445134$o1$g1$t1746445183$j0$l0$h0'
    'XDEBUG_SESSION' => 'PHPSTORM'
]

$_SERVER = [
    'USER' => 'dghyse'
    'HOME' => '/Users/dghyse'
    'HTTP_COOKIE' => '_ga=GA1.2.1377436158.1746445133; _ga_CR8V9YMTKW=GS2.2.s1746445134$o1$g1$t1746445183$j0$l0$h0; XDEBUG_SESSION=PHPSTORM'
    'HTTP_ACCEPT_LANGUAGE' => 'fr-FR,fr;q=0.9,en-US;q=0.8,en;q=0.7'
    'HTTP_ACCEPT_ENCODING' => 'gzip, deflate, br, zstd'
    'HTTP_SEC_FETCH_DEST' => 'document'
    'HTTP_SEC_FETCH_USER' => '?1'
    'HTTP_SEC_FETCH_MODE' => 'navigate'
    'HTTP_SEC_FETCH_SITE' => 'none'
    'HTTP_ACCEPT' => 'text/html,application/xhtml+xml,application/xml;q=0.9,image/avif,image/webp,image/apng,*/*;q=0.8,application/signed-exchange;v=b3;q=0.7'
    'HTTP_USER_AGENT' => 'Mozilla/5.0 (Macintosh; Intel Mac OS X 10_15_7) AppleWebKit/537.36 (KHTML, like Gecko) Chrome/142.0.0.0 Safari/537.36'
    'HTTP_UPGRADE_INSECURE_REQUESTS' => '1'
    'HTTP_SEC_CH_UA_PLATFORM' => '\"macOS\"'
    'HTTP_SEC_CH_UA_MOBILE' => '?0'
    'HTTP_SEC_CH_UA' => '\"Chromium\";v=\"142\", \"Google Chrome\";v=\"142\", \"Not_A Brand\";v=\"99\"'
    'HTTP_CACHE_CONTROL' => 'max-age=0'
    'HTTP_CONNECTION' => 'keep-alive'
    'HTTP_HOST' => 'bo-fractal-cms.equinox.redcat.intra'
    'REDIRECT_STATUS' => '200'
    'SERVER_NAME' => 'bo-fractal-cms.equinox.redcat.intra'
    'SERVER_PORT' => '443'
    'SERVER_ADDR' => '127.0.0.1'
    'REMOTE_PORT' => '50338'
    'REMOTE_ADDR' => '127.0.0.1'
    'SERVER_SOFTWARE' => 'nginx/1.29.3'
    'GATEWAY_INTERFACE' => 'CGI/1.1'
    'HTTPS' => 'on'
    'REQUEST_SCHEME' => 'https'
    'SERVER_PROTOCOL' => 'HTTP/1.1'
    'DOCUMENT_ROOT' => '/Users/dghyse/Dev/fractal-cms/app/www'
    'DOCUMENT_URI' => '/index.php'
    'REQUEST_URI' => '/'
    'SCRIPT_NAME' => '/index.php'
    'CONTENT_LENGTH' => ''
    'CONTENT_TYPE' => ''
    'REQUEST_METHOD' => 'GET'
    'QUERY_STRING' => ''
    'SCRIPT_FILENAME' => '/Users/dghyse/Dev/fractal-cms/app/www/index.php'
    'FCGI_ROLE' => 'RESPONDER'
    'PHP_SELF' => '/index.php'
    'REQUEST_TIME_FLOAT' => 1762878090.0861
    'REQUEST_TIME' => 1762878090
    'YII_ENV' => 'dev'
    'YII_DEBUG' => '1'
    'YII_MAINTENANCE' => '0'
    'YII_COOKIE_VALIDATION_KEY' => 'aHXTPhqJn2V1F8BZpioFReviAs66wr0ez'
    'APP_VERSION' => '1.0.0'
    'APP_ENV' => 'prd'
    'DB_PORT' => '3306'
    'DB_HOST' => 'localhost'
    'DB_DATABASE' => 'fractalcms'
    'DB_USER' => 'dghyse'
    'DB_PASSWORD' => '***'
    'DB_DRIVER' => 'mysql'
    'DB_SCHEMA_CACHE' => '1'
    'DB_SCHEMA_CACHE_DURATION' => '3600'
    'DB_SCHEMA' => ''
    'REDIS_ENABLED' => '0'
    'REDIS_HOST' => 'localhost'
    'REDIS_PORT' => '6379'
    'REDIS_PASSWORD' => '***'
    'REDIS_DATABASE' => '2'
    'CACHE_PAGE_ENABLED' => '0'
    'CACHE_PAGE_DURATION' => '3600'
    'CACHE_WIDGET_ENABLED' => '1'
    'CACHE_WIDGET_DURATION' => '3600'
]
2025-11-11 17:21:30 [127.0.0.1][-][-][error][yii\web\HttpException:404] yii\base\InvalidRouteException: Unable to resolve the request "site/index". in /Users/dghyse/Dev/fractal-cms/vendor/yiisoft/yii2/base/Module.php:564
Stack trace:
#0 /Users/dghyse/Dev/fractal-cms/vendor/yiisoft/yii2/web/Application.php(103): yii\base\Module->runAction('site/index', Array)
#1 /Users/dghyse/Dev/fractal-cms/vendor/yiisoft/yii2/base/Application.php(387): yii\web\Application->handleRequest(Object(yii\web\Request))
#2 /Users/dghyse/Dev/fractal-cms/app/www/index.php(22): yii\base\Application->run()
#3 {main}

Next yii\web\NotFoundHttpException: Page non trouvée. in /Users/dghyse/Dev/fractal-cms/vendor/yiisoft/yii2/web/Application.php:115
Stack trace:
#0 /Users/dghyse/Dev/fractal-cms/vendor/yiisoft/yii2/base/Application.php(387): yii\web\Application->handleRequest(Object(yii\web\Request))
#1 /Users/dghyse/Dev/fractal-cms/app/www/index.php(22): yii\base\Application->run()
#2 {main}
2025-11-11 17:21:30 [127.0.0.1][-][-][info][application] $_GET = []

$_POST = []

$_FILES = []

$_COOKIE = [
    '_ga' => 'GA1.2.1377436158.1746445133'
    '_ga_CR8V9YMTKW' => 'GS2.2.s1746445134$o1$g1$t1746445183$j0$l0$h0'
    'XDEBUG_SESSION' => 'PHPSTORM'
]

$_SERVER = [
    'USER' => 'dghyse'
    'HOME' => '/Users/dghyse'
    'HTTP_COOKIE' => '_ga=GA1.2.1377436158.1746445133; _ga_CR8V9YMTKW=GS2.2.s1746445134$o1$g1$t1746445183$j0$l0$h0; XDEBUG_SESSION=PHPSTORM'
    'HTTP_ACCEPT_LANGUAGE' => 'fr-FR,fr;q=0.9,en-US;q=0.8,en;q=0.7'
    'HTTP_ACCEPT_ENCODING' => 'gzip, deflate, br, zstd'
    'HTTP_SEC_FETCH_DEST' => 'document'
    'HTTP_SEC_FETCH_USER' => '?1'
    'HTTP_SEC_FETCH_MODE' => 'navigate'
    'HTTP_SEC_FETCH_SITE' => 'none'
    'HTTP_ACCEPT' => 'text/html,application/xhtml+xml,application/xml;q=0.9,image/avif,image/webp,image/apng,*/*;q=0.8,application/signed-exchange;v=b3;q=0.7'
    'HTTP_USER_AGENT' => 'Mozilla/5.0 (Macintosh; Intel Mac OS X 10_15_7) AppleWebKit/537.36 (KHTML, like Gecko) Chrome/142.0.0.0 Safari/537.36'
    'HTTP_UPGRADE_INSECURE_REQUESTS' => '1'
    'HTTP_SEC_CH_UA_PLATFORM' => '\"macOS\"'
    'HTTP_SEC_CH_UA_MOBILE' => '?0'
    'HTTP_SEC_CH_UA' => '\"Chromium\";v=\"142\", \"Google Chrome\";v=\"142\", \"Not_A Brand\";v=\"99\"'
    'HTTP_CACHE_CONTROL' => 'max-age=0'
    'HTTP_CONNECTION' => 'keep-alive'
    'HTTP_HOST' => 'bo-fractal-cms.equinox.redcat.intra'
    'REDIRECT_STATUS' => '200'
    'SERVER_NAME' => 'bo-fractal-cms.equinox.redcat.intra'
    'SERVER_PORT' => '443'
    'SERVER_ADDR' => '127.0.0.1'
    'REMOTE_PORT' => '50338'
    'REMOTE_ADDR' => '127.0.0.1'
    'SERVER_SOFTWARE' => 'nginx/1.29.3'
    'GATEWAY_INTERFACE' => 'CGI/1.1'
    'HTTPS' => 'on'
    'REQUEST_SCHEME' => 'https'
    'SERVER_PROTOCOL' => 'HTTP/1.1'
    'DOCUMENT_ROOT' => '/Users/dghyse/Dev/fractal-cms/app/www'
    'DOCUMENT_URI' => '/index.php'
    'REQUEST_URI' => '/'
    'SCRIPT_NAME' => '/index.php'
    'CONTENT_LENGTH' => ''
    'CONTENT_TYPE' => ''
    'REQUEST_METHOD' => 'GET'
    'QUERY_STRING' => ''
    'SCRIPT_FILENAME' => '/Users/dghyse/Dev/fractal-cms/app/www/index.php'
    'FCGI_ROLE' => 'RESPONDER'
    'PHP_SELF' => '/index.php'
    'REQUEST_TIME_FLOAT' => 1762878090.2867
    'REQUEST_TIME' => 1762878090
    'YII_ENV' => 'dev'
    'YII_DEBUG' => '1'
    'YII_MAINTENANCE' => '0'
    'YII_COOKIE_VALIDATION_KEY' => 'aHXTPhqJn2V1F8BZpioFReviAs66wr0ez'
    'APP_VERSION' => '1.0.0'
    'APP_ENV' => 'prd'
    'DB_PORT' => '3306'
    'DB_HOST' => 'localhost'
    'DB_DATABASE' => 'fractalcms'
    'DB_USER' => 'dghyse'
    'DB_PASSWORD' => '***'
    'DB_DRIVER' => 'mysql'
    'DB_SCHEMA_CACHE' => '1'
    'DB_SCHEMA_CACHE_DURATION' => '3600'
    'DB_SCHEMA' => ''
    'REDIS_ENABLED' => '0'
    'REDIS_HOST' => 'localhost'
    'REDIS_PORT' => '6379'
    'REDIS_PASSWORD' => '***'
    'REDIS_DATABASE' => '2'
    'CACHE_PAGE_ENABLED' => '0'
    'CACHE_PAGE_DURATION' => '3600'
    'CACHE_WIDGET_ENABLED' => '1'
    'CACHE_WIDGET_DURATION' => '3600'
]
2025-11-11 17:21:36 [127.0.0.1][-][-][error][yii\web\HttpException:404] yii\base\InvalidRouteException: Unable to resolve the request "site/index". in /Users/dghyse/Dev/fractal-cms/vendor/yiisoft/yii2/base/Module.php:564
Stack trace:
#0 /Users/dghyse/Dev/fractal-cms/vendor/yiisoft/yii2/web/Application.php(103): yii\base\Module->runAction('site/index', Array)
#1 /Users/dghyse/Dev/fractal-cms/vendor/yiisoft/yii2/base/Application.php(387): yii\web\Application->handleRequest(Object(yii\web\Request))
#2 /Users/dghyse/Dev/fractal-cms/app/www/index.php(22): yii\base\Application->run()
#3 {main}

Next yii\web\NotFoundHttpException: Page non trouvée. in /Users/dghyse/Dev/fractal-cms/vendor/yiisoft/yii2/web/Application.php:115
Stack trace:
#0 /Users/dghyse/Dev/fractal-cms/vendor/yiisoft/yii2/base/Application.php(387): yii\web\Application->handleRequest(Object(yii\web\Request))
#1 /Users/dghyse/Dev/fractal-cms/app/www/index.php(22): yii\base\Application->run()
#2 {main}
2025-11-11 17:21:36 [127.0.0.1][-][-][info][application] $_GET = []

$_POST = []

$_FILES = []

$_COOKIE = [
    '_ga' => 'GA1.2.1377436158.1746445133'
    '_ga_CR8V9YMTKW' => 'GS2.2.s1746445134$o1$g1$t1746445183$j0$l0$h0'
    'XDEBUG_SESSION' => 'PHPSTORM'
]

$_SERVER = [
    'USER' => 'dghyse'
    'HOME' => '/Users/dghyse'
    'HTTP_COOKIE' => '_ga=GA1.2.1377436158.1746445133; _ga_CR8V9YMTKW=GS2.2.s1746445134$o1$g1$t1746445183$j0$l0$h0; XDEBUG_SESSION=PHPSTORM'
    'HTTP_ACCEPT_LANGUAGE' => 'fr-FR,fr;q=0.9,en-US;q=0.8,en;q=0.7'
    'HTTP_ACCEPT_ENCODING' => 'gzip, deflate, br, zstd'
    'HTTP_SEC_FETCH_DEST' => 'document'
    'HTTP_SEC_FETCH_USER' => '?1'
    'HTTP_SEC_FETCH_MODE' => 'navigate'
    'HTTP_SEC_FETCH_SITE' => 'none'
    'HTTP_ACCEPT' => 'text/html,application/xhtml+xml,application/xml;q=0.9,image/avif,image/webp,image/apng,*/*;q=0.8,application/signed-exchange;v=b3;q=0.7'
    'HTTP_USER_AGENT' => 'Mozilla/5.0 (Macintosh; Intel Mac OS X 10_15_7) AppleWebKit/537.36 (KHTML, like Gecko) Chrome/142.0.0.0 Safari/537.36'
    'HTTP_UPGRADE_INSECURE_REQUESTS' => '1'
    'HTTP_SEC_CH_UA_PLATFORM' => '\"macOS\"'
    'HTTP_SEC_CH_UA_MOBILE' => '?0'
    'HTTP_SEC_CH_UA' => '\"Chromium\";v=\"142\", \"Google Chrome\";v=\"142\", \"Not_A Brand\";v=\"99\"'
    'HTTP_CACHE_CONTROL' => 'max-age=0'
    'HTTP_CONNECTION' => 'keep-alive'
    'HTTP_HOST' => 'bo-fractal-cms.equinox.redcat.intra'
    'REDIRECT_STATUS' => '200'
    'SERVER_NAME' => 'bo-fractal-cms.equinox.redcat.intra'
    'SERVER_PORT' => '443'
    'SERVER_ADDR' => '127.0.0.1'
    'REMOTE_PORT' => '50338'
    'REMOTE_ADDR' => '127.0.0.1'
    'SERVER_SOFTWARE' => 'nginx/1.29.3'
    'GATEWAY_INTERFACE' => 'CGI/1.1'
    'HTTPS' => 'on'
    'REQUEST_SCHEME' => 'https'
    'SERVER_PROTOCOL' => 'HTTP/1.1'
    'DOCUMENT_ROOT' => '/Users/dghyse/Dev/fractal-cms/app/www'
    'DOCUMENT_URI' => '/index.php'
    'REQUEST_URI' => '/'
    'SCRIPT_NAME' => '/index.php'
    'CONTENT_LENGTH' => ''
    'CONTENT_TYPE' => ''
    'REQUEST_METHOD' => 'GET'
    'QUERY_STRING' => ''
    'SCRIPT_FILENAME' => '/Users/dghyse/Dev/fractal-cms/app/www/index.php'
    'FCGI_ROLE' => 'RESPONDER'
    'PHP_SELF' => '/index.php'
    'REQUEST_TIME_FLOAT' => 1762878096.6018
    'REQUEST_TIME' => 1762878096
    'YII_ENV' => 'dev'
    'YII_DEBUG' => '1'
    'YII_MAINTENANCE' => '0'
    'YII_COOKIE_VALIDATION_KEY' => 'aHXTPhqJn2V1F8BZpioFReviAs66wr0ez'
    'APP_VERSION' => '1.0.0'
    'APP_ENV' => 'prd'
    'DB_PORT' => '3306'
    'DB_HOST' => 'localhost'
    'DB_DATABASE' => 'fractalcms'
    'DB_USER' => 'dghyse'
    'DB_PASSWORD' => '***'
    'DB_DRIVER' => 'mysql'
    'DB_SCHEMA_CACHE' => '1'
    'DB_SCHEMA_CACHE_DURATION' => '3600'
    'DB_SCHEMA' => ''
    'REDIS_ENABLED' => '0'
    'REDIS_HOST' => 'localhost'
    'REDIS_PORT' => '6379'
    'REDIS_PASSWORD' => '***'
    'REDIS_DATABASE' => '2'
    'CACHE_PAGE_ENABLED' => '0'
    'CACHE_PAGE_DURATION' => '3600'
    'CACHE_WIDGET_ENABLED' => '1'
    'CACHE_WIDGET_DURATION' => '3600'
]
